[debug] [2025-03-15T19:57:53.332Z] ----------------------------------------------------------------------
[debug] [2025-03-15T19:57:53.334Z] Command:       /opt/homebrew/Cellar/node/23.7.0/bin/node /opt/homebrew/bin/firebase deploy
[debug] [2025-03-15T19:57:53.334Z] CLI Version:   13.34.0
[debug] [2025-03-15T19:57:53.334Z] Platform:      darwin
[debug] [2025-03-15T19:57:53.334Z] Node Version:  v23.7.0
[debug] [2025-03-15T19:57:53.334Z] Time:          Sat Mar 15 2025 20:57:53 GMT+0100 (heure normale d’Europe centrale)
[debug] [2025-03-15T19:57:53.334Z] ----------------------------------------------------------------------
[debug] 
[debug] [2025-03-15T19:57:53.424Z] > command requires scopes: ["email","openid","https://www.googleapis.com/auth/cloudplatformprojects.readonly","https://www.googleapis.com/auth/firebase","https://www.googleapis.com/auth/cloud-platform"]
[debug] [2025-03-15T19:57:53.424Z] > authorizing via signed-in user (tuffinthibaultgw@gmail.com)
[debug] [2025-03-15T19:57:53.424Z] [iam] checking project send-email-from-websmith for permissions ["cloudfunctions.functions.create","cloudfunctions.functions.delete","cloudfunctions.functions.get","cloudfunctions.functions.list","cloudfunctions.functions.update","cloudfunctions.operations.get","firebase.projects.get"]
[debug] [2025-03-15T19:57:53.425Z] Checked if tokens are valid: true, expires at: 1742071837354
[debug] [2025-03-15T19:57:53.425Z] Checked if tokens are valid: true, expires at: 1742071837354
[debug] [2025-03-15T19:57:53.425Z] >>> [apiv2][query] POST https://cloudresourcemanager.googleapis.com/v1/projects/send-email-from-websmith:testIamPermissions [none]
[debug] [2025-03-15T19:57:53.425Z] >>> [apiv2][(partial)header] POST https://cloudresourcemanager.googleapis.com/v1/projects/send-email-from-websmith:testIamPermissions x-goog-quota-user=projects/send-email-from-websmith
[debug] [2025-03-15T19:57:53.425Z] >>> [apiv2][body] POST https://cloudresourcemanager.googleapis.com/v1/projects/send-email-from-websmith:testIamPermissions {"permissions":["cloudfunctions.functions.create","cloudfunctions.functions.delete","cloudfunctions.functions.get","cloudfunctions.functions.list","cloudfunctions.functions.update","cloudfunctions.operations.get","firebase.projects.get"]}
[debug] [2025-03-15T19:57:54.094Z] <<< [apiv2][status] POST https://cloudresourcemanager.googleapis.com/v1/projects/send-email-from-websmith:testIamPermissions 200
[debug] [2025-03-15T19:57:54.094Z] <<< [apiv2][body] POST https://cloudresourcemanager.googleapis.com/v1/projects/send-email-from-websmith:testIamPermissions {"permissions":["cloudfunctions.functions.create","cloudfunctions.functions.delete","cloudfunctions.functions.get","cloudfunctions.functions.list","cloudfunctions.functions.update","cloudfunctions.operations.get","firebase.projects.get"]}
[debug] [2025-03-15T19:57:54.094Z] Checked if tokens are valid: true, expires at: 1742071837354
[debug] [2025-03-15T19:57:54.094Z] Checked if tokens are valid: true, expires at: 1742071837354
[debug] [2025-03-15T19:57:54.094Z] >>> [apiv2][query] POST https://iam.googleapis.com/v1/projects/send-email-from-websmith/serviceAccounts/send-email-from-websmith@appspot.gserviceaccount.com:testIamPermissions [none]
[debug] [2025-03-15T19:57:54.094Z] >>> [apiv2][body] POST https://iam.googleapis.com/v1/projects/send-email-from-websmith/serviceAccounts/send-email-from-websmith@appspot.gserviceaccount.com:testIamPermissions {"permissions":["iam.serviceAccounts.actAs"]}
[debug] [2025-03-15T19:57:54.752Z] <<< [apiv2][status] POST https://iam.googleapis.com/v1/projects/send-email-from-websmith/serviceAccounts/send-email-from-websmith@appspot.gserviceaccount.com:testIamPermissions 200
[debug] [2025-03-15T19:57:54.753Z] <<< [apiv2][body] POST https://iam.googleapis.com/v1/projects/send-email-from-websmith/serviceAccounts/send-email-from-websmith@appspot.gserviceaccount.com:testIamPermissions {"permissions":["iam.serviceAccounts.actAs"]}
[info] 
[info] === Deploying to 'send-email-from-websmith'...
[info] 
[info] i  deploying functions 
[info] Running command: npm --prefix "$RESOURCE_DIR" run build
[info] ✔  functions: Finished running predeploy script. 
[debug] [2025-03-15T19:57:57.676Z] Checked if tokens are valid: true, expires at: 1742071837354
[debug] [2025-03-15T19:57:57.677Z] Checked if tokens are valid: true, expires at: 1742071837354
[debug] [2025-03-15T19:57:57.677Z] >>> [apiv2][query] GET https://cloudresourcemanager.googleapis.com/v1/projects/send-email-from-websmith [none]
[debug] [2025-03-15T19:57:57.851Z] <<< [apiv2][status] GET https://cloudresourcemanager.googleapis.com/v1/projects/send-email-from-websmith 200
[debug] [2025-03-15T19:57:57.851Z] <<< [apiv2][body] GET https://cloudresourcemanager.googleapis.com/v1/projects/send-email-from-websmith {"projectNumber":"284644472957","projectId":"send-email-from-websmith","lifecycleState":"ACTIVE","name":"Send email from websmith","labels":{"firebase":"enabled","firebase-core":"disabled"},"createTime":"2025-03-13T22:06:08.225488Z"}
[info] i  functions: preparing codebase default for deployment 
[info] i  functions: ensuring required API cloudfunctions.googleapis.com is enabled... 
[debug] [2025-03-15T19:57:57.852Z] Checked if tokens are valid: true, expires at: 1742071837354
[debug] [2025-03-15T19:57:57.852Z] Checked if tokens are valid: true, expires at: 1742071837354
[debug] [2025-03-15T19:57:57.852Z] Checked if tokens are valid: true, expires at: 1742071837354
[debug] [2025-03-15T19:57:57.852Z] Checked if tokens are valid: true, expires at: 1742071837354
[info] i  functions: ensuring required API cloudbuild.googleapis.com is enabled... 
[debug] [2025-03-15T19:57:57.852Z] Checked if tokens are valid: true, expires at: 1742071837354
[debug] [2025-03-15T19:57:57.852Z] Checked if tokens are valid: true, expires at: 1742071837354
[info] i  artifactregistry: ensuring required API artifactregistry.googleapis.com is enabled... 
[debug] [2025-03-15T19:57:57.852Z] Checked if tokens are valid: true, expires at: 1742071837354
[debug] [2025-03-15T19:57:57.852Z] Checked if tokens are valid: true, expires at: 1742071837354
[debug] [2025-03-15T19:57:57.852Z] >>> [apiv2][query] GET https://serviceusage.googleapis.com/v1/projects/send-email-from-websmith/services/cloudfunctions.googleapis.com [none]
[debug] [2025-03-15T19:57:57.852Z] >>> [apiv2][(partial)header] GET https://serviceusage.googleapis.com/v1/projects/send-email-from-websmith/services/cloudfunctions.googleapis.com x-goog-quota-user=projects/send-email-from-websmith
[debug] [2025-03-15T19:57:57.853Z] >>> [apiv2][query] GET https://serviceusage.googleapis.com/v1/projects/send-email-from-websmith/services/runtimeconfig.googleapis.com [none]
[debug] [2025-03-15T19:57:57.853Z] >>> [apiv2][(partial)header] GET https://serviceusage.googleapis.com/v1/projects/send-email-from-websmith/services/runtimeconfig.googleapis.com x-goog-quota-user=projects/send-email-from-websmith
[debug] [2025-03-15T19:57:57.854Z] >>> [apiv2][query] GET https://serviceusage.googleapis.com/v1/projects/send-email-from-websmith/services/cloudbuild.googleapis.com [none]
[debug] [2025-03-15T19:57:57.854Z] >>> [apiv2][(partial)header] GET https://serviceusage.googleapis.com/v1/projects/send-email-from-websmith/services/cloudbuild.googleapis.com x-goog-quota-user=projects/send-email-from-websmith
[debug] [2025-03-15T19:57:57.854Z] >>> [apiv2][query] GET https://serviceusage.googleapis.com/v1/projects/send-email-from-websmith/services/artifactregistry.googleapis.com [none]
[debug] [2025-03-15T19:57:57.854Z] >>> [apiv2][(partial)header] GET https://serviceusage.googleapis.com/v1/projects/send-email-from-websmith/services/artifactregistry.googleapis.com x-goog-quota-user=projects/send-email-from-websmith
[debug] [2025-03-15T19:57:58.932Z] <<< [apiv2][status] GET https://serviceusage.googleapis.com/v1/projects/send-email-from-websmith/services/cloudbuild.googleapis.com 200
[debug] [2025-03-15T19:57:58.932Z] <<< [apiv2][body] GET https://serviceusage.googleapis.com/v1/projects/send-email-from-websmith/services/cloudbuild.googleapis.com [omitted]
[warn] ⚠  functions: missing required API cloudbuild.googleapis.com. Enabling now... 
[debug] [2025-03-15T19:57:58.933Z] Checked if tokens are valid: true, expires at: 1742071837354
[debug] [2025-03-15T19:57:58.933Z] Checked if tokens are valid: true, expires at: 1742071837354
[debug] [2025-03-15T19:57:58.933Z] >>> [apiv2][query] POST https://serviceusage.googleapis.com/v1/projects/send-email-from-websmith/services/cloudbuild.googleapis.com:enable [none]
[debug] [2025-03-15T19:57:58.933Z] >>> [apiv2][(partial)header] POST https://serviceusage.googleapis.com/v1/projects/send-email-from-websmith/services/cloudbuild.googleapis.com:enable x-goog-quota-user=projects/send-email-from-websmith
[debug] [2025-03-15T19:57:58.934Z] <<< [apiv2][status] GET https://serviceusage.googleapis.com/v1/projects/send-email-from-websmith/services/runtimeconfig.googleapis.com 200
[debug] [2025-03-15T19:57:58.934Z] <<< [apiv2][body] GET https://serviceusage.googleapis.com/v1/projects/send-email-from-websmith/services/runtimeconfig.googleapis.com [omitted]
[debug] [2025-03-15T19:57:58.934Z] <<< [apiv2][status] GET https://serviceusage.googleapis.com/v1/projects/send-email-from-websmith/services/cloudfunctions.googleapis.com 200
[debug] [2025-03-15T19:57:58.934Z] <<< [apiv2][body] GET https://serviceusage.googleapis.com/v1/projects/send-email-from-websmith/services/cloudfunctions.googleapis.com [omitted]
[info] ✔  functions: required API cloudfunctions.googleapis.com is enabled 
[debug] [2025-03-15T19:57:58.935Z] <<< [apiv2][status] GET https://serviceusage.googleapis.com/v1/projects/send-email-from-websmith/services/artifactregistry.googleapis.com 200
[debug] [2025-03-15T19:57:58.935Z] <<< [apiv2][body] GET https://serviceusage.googleapis.com/v1/projects/send-email-from-websmith/services/artifactregistry.googleapis.com [omitted]
[warn] ⚠  artifactregistry: missing required API artifactregistry.googleapis.com. Enabling now... 
[debug] [2025-03-15T19:57:58.935Z] Checked if tokens are valid: true, expires at: 1742071837354
[debug] [2025-03-15T19:57:58.935Z] Checked if tokens are valid: true, expires at: 1742071837354
[debug] [2025-03-15T19:57:58.936Z] >>> [apiv2][query] POST https://serviceusage.googleapis.com/v1/projects/send-email-from-websmith/services/artifactregistry.googleapis.com:enable [none]
[debug] [2025-03-15T19:57:58.936Z] >>> [apiv2][(partial)header] POST https://serviceusage.googleapis.com/v1/projects/send-email-from-websmith/services/artifactregistry.googleapis.com:enable x-goog-quota-user=projects/send-email-from-websmith
[debug] [2025-03-15T19:58:00.256Z] <<< [apiv2][status] POST https://serviceusage.googleapis.com/v1/projects/send-email-from-websmith/services/cloudbuild.googleapis.com:enable 200
[debug] [2025-03-15T19:58:00.256Z] <<< [apiv2][body] POST https://serviceusage.googleapis.com/v1/projects/send-email-from-websmith/services/cloudbuild.googleapis.com:enable [omitted]
[debug] [2025-03-15T19:58:00.257Z] <<< [apiv2][status] POST https://serviceusage.googleapis.com/v1/projects/send-email-from-websmith/services/artifactregistry.googleapis.com:enable 200
[debug] [2025-03-15T19:58:00.257Z] <<< [apiv2][body] POST https://serviceusage.googleapis.com/v1/projects/send-email-from-websmith/services/artifactregistry.googleapis.com:enable [omitted]
[debug] [2025-03-15T19:58:10.258Z] Checked if tokens are valid: true, expires at: 1742071837354
[debug] [2025-03-15T19:58:10.258Z] Checked if tokens are valid: true, expires at: 1742071837354
[debug] [2025-03-15T19:58:10.259Z] >>> [apiv2][query] GET https://serviceusage.googleapis.com/v1/projects/send-email-from-websmith/services/cloudbuild.googleapis.com [none]
[debug] [2025-03-15T19:58:10.259Z] >>> [apiv2][(partial)header] GET https://serviceusage.googleapis.com/v1/projects/send-email-from-websmith/services/cloudbuild.googleapis.com x-goog-quota-user=projects/send-email-from-websmith
[debug] [2025-03-15T19:58:10.263Z] Checked if tokens are valid: true, expires at: 1742071837354
[debug] [2025-03-15T19:58:10.263Z] Checked if tokens are valid: true, expires at: 1742071837354
[debug] [2025-03-15T19:58:10.263Z] >>> [apiv2][query] GET https://serviceusage.googleapis.com/v1/projects/send-email-from-websmith/services/artifactregistry.googleapis.com [none]
[debug] [2025-03-15T19:58:10.263Z] >>> [apiv2][(partial)header] GET https://serviceusage.googleapis.com/v1/projects/send-email-from-websmith/services/artifactregistry.googleapis.com x-goog-quota-user=projects/send-email-from-websmith
[debug] [2025-03-15T19:58:11.187Z] <<< [apiv2][status] GET https://serviceusage.googleapis.com/v1/projects/send-email-from-websmith/services/cloudbuild.googleapis.com 200
[debug] [2025-03-15T19:58:11.187Z] <<< [apiv2][body] GET https://serviceusage.googleapis.com/v1/projects/send-email-from-websmith/services/cloudbuild.googleapis.com [omitted]
[info] ✔  functions: required API cloudbuild.googleapis.com is enabled 
[debug] [2025-03-15T19:58:11.193Z] <<< [apiv2][status] GET https://serviceusage.googleapis.com/v1/projects/send-email-from-websmith/services/artifactregistry.googleapis.com 200
[debug] [2025-03-15T19:58:11.193Z] <<< [apiv2][body] GET https://serviceusage.googleapis.com/v1/projects/send-email-from-websmith/services/artifactregistry.googleapis.com [omitted]
[info] ✔  artifactregistry: required API artifactregistry.googleapis.com is enabled 
[debug] [2025-03-15T19:58:11.195Z] Checked if tokens are valid: true, expires at: 1742071837354
[debug] [2025-03-15T19:58:11.195Z] Checked if tokens are valid: true, expires at: 1742071837354
[debug] [2025-03-15T19:58:11.195Z] >>> [apiv2][query] GET https://firebase.googleapis.com/v1beta1/projects/send-email-from-websmith/adminSdkConfig [none]
[debug] [2025-03-15T19:58:11.485Z] <<< [apiv2][status] GET https://firebase.googleapis.com/v1beta1/projects/send-email-from-websmith/adminSdkConfig 200
[debug] [2025-03-15T19:58:11.485Z] <<< [apiv2][body] GET https://firebase.googleapis.com/v1beta1/projects/send-email-from-websmith/adminSdkConfig {"projectId":"send-email-from-websmith","storageBucket":"send-email-from-websmith.firebasestorage.app"}
[debug] [2025-03-15T19:58:11.485Z] Checked if tokens are valid: true, expires at: 1742071837354
[debug] [2025-03-15T19:58:11.485Z] Checked if tokens are valid: true, expires at: 1742071837354
[debug] [2025-03-15T19:58:11.485Z] >>> [apiv2][query] GET https://runtimeconfig.googleapis.com/v1beta1/projects/send-email-from-websmith/configs [none]
[debug] [2025-03-15T19:58:11.775Z] <<< [apiv2][status] GET https://runtimeconfig.googleapis.com/v1beta1/projects/send-email-from-websmith/configs 200
[debug] [2025-03-15T19:58:11.776Z] <<< [apiv2][body] GET https://runtimeconfig.googleapis.com/v1beta1/projects/send-email-from-websmith/configs {}
[debug] [2025-03-15T19:58:11.776Z] Validating nodejs source
[debug] [2025-03-15T19:58:12.234Z] > [functions] package.json contents: {
  "name": "functions",
  "scripts": {
    "lint": "eslint --no-eslintrc -c .eslintrc.js .",
    "build": "tsc",
    "build:watch": "tsc --watch",
    "serve": "npm run build && firebase emulators:start --only functions",
    "shell": "npm run build && firebase functions:shell",
    "start": "npm run shell",
    "deploy": "firebase deploy --only functions",
    "logs": "firebase functions:log"
  },
  "engines": {
    "node": "22"
  },
  "main": "lib/index.js",
  "dependencies": {
    "@types/nodemailer": "^6.4.17",
    "firebase-admin": "^12.6.0",
    "firebase-functions": "^6.0.1",
    "nodemailer": "^6.10.0"
  },
  "devDependencies": {
    "@typescript-eslint/eslint-plugin": "^5.12.0",
    "@typescript-eslint/parser": "^5.12.0",
    "eslint": "^8.9.0",
    "eslint-config-google": "^0.14.0",
    "eslint-plugin-import": "^2.25.4",
    "firebase-functions-test": "^3.1.0",
    "typescript": "^4.9.0"
  },
  "private": true
}
[debug] [2025-03-15T19:58:12.234Z] Building nodejs source
[info] i  functions: Loading and analyzing source code for codebase default to determine what to deploy 
[debug] [2025-03-15T19:58:12.235Z] Could not find functions.yaml. Must use http discovery
[debug] [2025-03-15T19:58:12.239Z] Found firebase-functions binary at '/Users/thibault/Documents/Business/WebSmith/websmith.fr/functions/node_modules/.bin/firebase-functions'
[info] Serving at port 8928

[debug] [2025-03-15T19:58:12.643Z] Got response from /__/functions.yaml {"endpoints":{"sendContactEmail":{"availableMemoryMb":null,"timeoutSeconds":null,"minInstances":null,"maxInstances":null,"ingressSettings":null,"concurrency":null,"serviceAccountEmail":null,"vpc":null,"platform":"gcfv2","secretEnvironmentVariables":[{"key":"EMAIL_USER"},{"key":"EMAIL_PASS"},{"key":"EMAIL_HOST"},{"key":"EMAIL_PORT"},{"key":"EMAIL_RECIPIENT"}],"labels":{},"httpsTrigger":{},"entryPoint":"sendContactEmail"}},"specVersion":"v1alpha1","requiredAPIs":[],"extensions":{},"params":[{"type":"secret","name":"EMAIL_USER"},{"type":"secret","name":"EMAIL_PASS"},{"type":"secret","name":"EMAIL_HOST"},{"type":"secret","name":"EMAIL_PORT"},{"type":"secret","name":"EMAIL_RECIPIENT"}]}
[info] i  extensions: ensuring required API firebaseextensions.googleapis.com is enabled... 
[debug] [2025-03-15T19:58:16.666Z] Checked if tokens are valid: true, expires at: 1742071837354
[debug] [2025-03-15T19:58:16.666Z] Checked if tokens are valid: true, expires at: 1742071837354
[debug] [2025-03-15T19:58:16.666Z] >>> [apiv2][query] GET https://serviceusage.googleapis.com/v1/projects/send-email-from-websmith/services/firebaseextensions.googleapis.com [none]
[debug] [2025-03-15T19:58:16.666Z] >>> [apiv2][(partial)header] GET https://serviceusage.googleapis.com/v1/projects/send-email-from-websmith/services/firebaseextensions.googleapis.com x-goog-quota-user=projects/send-email-from-websmith
[debug] [2025-03-15T19:58:17.533Z] <<< [apiv2][status] GET https://serviceusage.googleapis.com/v1/projects/send-email-from-websmith/services/firebaseextensions.googleapis.com 200
[debug] [2025-03-15T19:58:17.534Z] <<< [apiv2][body] GET https://serviceusage.googleapis.com/v1/projects/send-email-from-websmith/services/firebaseextensions.googleapis.com [omitted]
[warn] ⚠  extensions: missing required API firebaseextensions.googleapis.com. Enabling now... 
[debug] [2025-03-15T19:58:17.535Z] Checked if tokens are valid: true, expires at: 1742071837354
[debug] [2025-03-15T19:58:17.535Z] Checked if tokens are valid: true, expires at: 1742071837354
[debug] [2025-03-15T19:58:17.535Z] >>> [apiv2][query] POST https://serviceusage.googleapis.com/v1/projects/send-email-from-websmith/services/firebaseextensions.googleapis.com:enable [none]
[debug] [2025-03-15T19:58:17.535Z] >>> [apiv2][(partial)header] POST https://serviceusage.googleapis.com/v1/projects/send-email-from-websmith/services/firebaseextensions.googleapis.com:enable x-goog-quota-user=projects/send-email-from-websmith
[debug] [2025-03-15T19:58:18.556Z] <<< [apiv2][status] POST https://serviceusage.googleapis.com/v1/projects/send-email-from-websmith/services/firebaseextensions.googleapis.com:enable 200
[debug] [2025-03-15T19:58:18.556Z] <<< [apiv2][body] POST https://serviceusage.googleapis.com/v1/projects/send-email-from-websmith/services/firebaseextensions.googleapis.com:enable [omitted]
[debug] [2025-03-15T19:58:28.557Z] Checked if tokens are valid: true, expires at: 1742071837354
[debug] [2025-03-15T19:58:28.558Z] Checked if tokens are valid: true, expires at: 1742071837354
[debug] [2025-03-15T19:58:28.558Z] >>> [apiv2][query] GET https://serviceusage.googleapis.com/v1/projects/send-email-from-websmith/services/firebaseextensions.googleapis.com [none]
[debug] [2025-03-15T19:58:28.558Z] >>> [apiv2][(partial)header] GET https://serviceusage.googleapis.com/v1/projects/send-email-from-websmith/services/firebaseextensions.googleapis.com x-goog-quota-user=projects/send-email-from-websmith
[debug] [2025-03-15T19:58:31.059Z] <<< [apiv2][status] GET https://serviceusage.googleapis.com/v1/projects/send-email-from-websmith/services/firebaseextensions.googleapis.com 200
[debug] [2025-03-15T19:58:31.059Z] <<< [apiv2][body] GET https://serviceusage.googleapis.com/v1/projects/send-email-from-websmith/services/firebaseextensions.googleapis.com [omitted]
[info] ✔  extensions: required API firebaseextensions.googleapis.com is enabled 
[debug] [2025-03-15T19:58:31.060Z] > command requires scopes: ["email","openid","https://www.googleapis.com/auth/cloudplatformprojects.readonly","https://www.googleapis.com/auth/firebase","https://www.googleapis.com/auth/cloud-platform"]
[debug] [2025-03-15T19:58:31.060Z] > authorizing via signed-in user (tuffinthibaultgw@gmail.com)
[debug] [2025-03-15T19:58:31.060Z] [iam] checking project send-email-from-websmith for permissions ["firebase.projects.get","firebaseextensions.instances.list"]
[debug] [2025-03-15T19:58:31.060Z] Checked if tokens are valid: true, expires at: 1742071837354
[debug] [2025-03-15T19:58:31.060Z] Checked if tokens are valid: true, expires at: 1742071837354
[debug] [2025-03-15T19:58:31.060Z] >>> [apiv2][query] POST https://cloudresourcemanager.googleapis.com/v1/projects/send-email-from-websmith:testIamPermissions [none]
[debug] [2025-03-15T19:58:31.060Z] >>> [apiv2][(partial)header] POST https://cloudresourcemanager.googleapis.com/v1/projects/send-email-from-websmith:testIamPermissions x-goog-quota-user=projects/send-email-from-websmith
[debug] [2025-03-15T19:58:31.060Z] >>> [apiv2][body] POST https://cloudresourcemanager.googleapis.com/v1/projects/send-email-from-websmith:testIamPermissions {"permissions":["firebase.projects.get","firebaseextensions.instances.list"]}
[debug] [2025-03-15T19:58:31.764Z] <<< [apiv2][status] POST https://cloudresourcemanager.googleapis.com/v1/projects/send-email-from-websmith:testIamPermissions 200
[debug] [2025-03-15T19:58:31.764Z] <<< [apiv2][body] POST https://cloudresourcemanager.googleapis.com/v1/projects/send-email-from-websmith:testIamPermissions {"permissions":["firebase.projects.get","firebaseextensions.instances.list"]}
[debug] [2025-03-15T19:58:31.765Z] Checked if tokens are valid: true, expires at: 1742071837354
[debug] [2025-03-15T19:58:31.765Z] Checked if tokens are valid: true, expires at: 1742071837354
[debug] [2025-03-15T19:58:31.766Z] >>> [apiv2][query] GET https://firebaseextensions.googleapis.com/v1beta/projects/send-email-from-websmith/instances pageSize=100&pageToken=
[debug] [2025-03-15T19:58:33.611Z] <<< [apiv2][status] GET https://firebaseextensions.googleapis.com/v1beta/projects/send-email-from-websmith/instances 200
[debug] [2025-03-15T19:58:33.612Z] <<< [apiv2][body] GET https://firebaseextensions.googleapis.com/v1beta/projects/send-email-from-websmith/instances {}
[debug] [2025-03-15T19:58:33.614Z] Checked if tokens are valid: true, expires at: 1742071837354
[debug] [2025-03-15T19:58:33.614Z] Checked if tokens are valid: true, expires at: 1742071837354
[debug] [2025-03-15T19:58:33.614Z] >>> [apiv2][query] GET https://secretmanager.googleapis.com/v1/projects/send-email-from-websmith/secrets/EMAIL_USER [none]
[debug] [2025-03-15T19:58:33.848Z] <<< [apiv2][status] GET https://secretmanager.googleapis.com/v1/projects/send-email-from-websmith/secrets/EMAIL_USER 200
[debug] [2025-03-15T19:58:33.848Z] <<< [apiv2][body] GET https://secretmanager.googleapis.com/v1/projects/send-email-from-websmith/secrets/EMAIL_USER {"name":"projects/284644472957/secrets/EMAIL_USER","replication":{"automatic":{}},"createTime":"2025-03-15T19:52:33.531133Z","labels":{"firebase-managed":"functions"},"etag":"\"163066e562fcfd\""}
[debug] [2025-03-15T19:58:33.849Z] Checked if tokens are valid: true, expires at: 1742071837354
[debug] [2025-03-15T19:58:33.850Z] Checked if tokens are valid: true, expires at: 1742071837354
[debug] [2025-03-15T19:58:33.850Z] >>> [apiv2][query] GET https://secretmanager.googleapis.com/v1/projects/send-email-from-websmith/secrets/EMAIL_USER/versions/latest [none]
[debug] [2025-03-15T19:58:34.223Z] <<< [apiv2][status] GET https://secretmanager.googleapis.com/v1/projects/send-email-from-websmith/secrets/EMAIL_USER/versions/latest 200
[debug] [2025-03-15T19:58:34.223Z] <<< [apiv2][body] GET https://secretmanager.googleapis.com/v1/projects/send-email-from-websmith/secrets/EMAIL_USER/versions/latest {"name":"projects/284644472957/secrets/EMAIL_USER/versions/2","createTime":"2025-03-15T19:53:38.065011Z","state":"ENABLED","replicationStatus":{"automatic":{}},"etag":"\"163066e93bb273\""}
[debug] [2025-03-15T19:58:34.224Z] Checked if tokens are valid: true, expires at: 1742071837354
[debug] [2025-03-15T19:58:34.224Z] Checked if tokens are valid: true, expires at: 1742071837354
[debug] [2025-03-15T19:58:34.224Z] >>> [apiv2][query] GET https://secretmanager.googleapis.com/v1/projects/send-email-from-websmith/secrets/EMAIL_PASS [none]
[debug] [2025-03-15T19:58:34.619Z] <<< [apiv2][status] GET https://secretmanager.googleapis.com/v1/projects/send-email-from-websmith/secrets/EMAIL_PASS 200
[debug] [2025-03-15T19:58:34.619Z] <<< [apiv2][body] GET https://secretmanager.googleapis.com/v1/projects/send-email-from-websmith/secrets/EMAIL_PASS {"name":"projects/284644472957/secrets/EMAIL_PASS","replication":{"automatic":{}},"createTime":"2025-03-15T19:53:54.842457Z","labels":{"firebase-managed":"functions"},"etag":"\"163066ea3bb359\""}
[debug] [2025-03-15T19:58:34.619Z] Checked if tokens are valid: true, expires at: 1742071837354
[debug] [2025-03-15T19:58:34.619Z] Checked if tokens are valid: true, expires at: 1742071837354
[debug] [2025-03-15T19:58:34.619Z] >>> [apiv2][query] GET https://secretmanager.googleapis.com/v1/projects/send-email-from-websmith/secrets/EMAIL_PASS/versions/latest [none]
[debug] [2025-03-15T19:58:34.786Z] <<< [apiv2][status] GET https://secretmanager.googleapis.com/v1/projects/send-email-from-websmith/secrets/EMAIL_PASS/versions/latest 200
[debug] [2025-03-15T19:58:34.786Z] <<< [apiv2][body] GET https://secretmanager.googleapis.com/v1/projects/send-email-from-websmith/secrets/EMAIL_PASS/versions/latest {"name":"projects/284644472957/secrets/EMAIL_PASS/versions/1","createTime":"2025-03-15T19:53:58.993957Z","state":"ENABLED","replicationStatus":{"automatic":{}},"etag":"\"163066ea7b0c25\""}
[debug] [2025-03-15T19:58:34.787Z] Checked if tokens are valid: true, expires at: 1742071837354
[debug] [2025-03-15T19:58:34.787Z] Checked if tokens are valid: true, expires at: 1742071837354
[debug] [2025-03-15T19:58:34.787Z] >>> [apiv2][query] GET https://secretmanager.googleapis.com/v1/projects/send-email-from-websmith/secrets/EMAIL_HOST [none]
[debug] [2025-03-15T19:58:34.934Z] <<< [apiv2][status] GET https://secretmanager.googleapis.com/v1/projects/send-email-from-websmith/secrets/EMAIL_HOST 200
[debug] [2025-03-15T19:58:34.934Z] <<< [apiv2][body] GET https://secretmanager.googleapis.com/v1/projects/send-email-from-websmith/secrets/EMAIL_HOST {"name":"projects/284644472957/secrets/EMAIL_HOST","replication":{"automatic":{}},"createTime":"2025-03-15T19:54:22.250567Z","labels":{"firebase-managed":"functions"},"etag":"\"163066ebddea47\""}
[debug] [2025-03-15T19:58:34.934Z] Checked if tokens are valid: true, expires at: 1742071837354
[debug] [2025-03-15T19:58:34.934Z] Checked if tokens are valid: true, expires at: 1742071837354
[debug] [2025-03-15T19:58:34.934Z] >>> [apiv2][query] GET https://secretmanager.googleapis.com/v1/projects/send-email-from-websmith/secrets/EMAIL_HOST/versions/latest [none]
[debug] [2025-03-15T19:58:35.252Z] <<< [apiv2][status] GET https://secretmanager.googleapis.com/v1/projects/send-email-from-websmith/secrets/EMAIL_HOST/versions/latest 200
[debug] [2025-03-15T19:58:35.252Z] <<< [apiv2][body] GET https://secretmanager.googleapis.com/v1/projects/send-email-from-websmith/secrets/EMAIL_HOST/versions/latest {"name":"projects/284644472957/secrets/EMAIL_HOST/versions/1","createTime":"2025-03-15T19:54:26.345706Z","state":"ENABLED","replicationStatus":{"automatic":{}},"etag":"\"163066ec1c66ea\""}
[debug] [2025-03-15T19:58:35.252Z] Checked if tokens are valid: true, expires at: 1742071837354
[debug] [2025-03-15T19:58:35.252Z] Checked if tokens are valid: true, expires at: 1742071837354
[debug] [2025-03-15T19:58:35.252Z] >>> [apiv2][query] GET https://secretmanager.googleapis.com/v1/projects/send-email-from-websmith/secrets/EMAIL_PORT [none]
[debug] [2025-03-15T19:58:35.399Z] <<< [apiv2][status] GET https://secretmanager.googleapis.com/v1/projects/send-email-from-websmith/secrets/EMAIL_PORT 200
[debug] [2025-03-15T19:58:35.399Z] <<< [apiv2][body] GET https://secretmanager.googleapis.com/v1/projects/send-email-from-websmith/secrets/EMAIL_PORT {"name":"projects/284644472957/secrets/EMAIL_PORT","replication":{"automatic":{}},"createTime":"2025-03-15T19:54:36.316604Z","labels":{"firebase-managed":"functions"},"etag":"\"163066ecb48bbc\""}
[debug] [2025-03-15T19:58:35.400Z] Checked if tokens are valid: true, expires at: 1742071837354
[debug] [2025-03-15T19:58:35.400Z] Checked if tokens are valid: true, expires at: 1742071837354
[debug] [2025-03-15T19:58:35.400Z] >>> [apiv2][query] GET https://secretmanager.googleapis.com/v1/projects/send-email-from-websmith/secrets/EMAIL_PORT/versions/latest [none]
[debug] [2025-03-15T19:58:35.759Z] <<< [apiv2][status] GET https://secretmanager.googleapis.com/v1/projects/send-email-from-websmith/secrets/EMAIL_PORT/versions/latest 200
[debug] [2025-03-15T19:58:35.759Z] <<< [apiv2][body] GET https://secretmanager.googleapis.com/v1/projects/send-email-from-websmith/secrets/EMAIL_PORT/versions/latest {"name":"projects/284644472957/secrets/EMAIL_PORT/versions/1","createTime":"2025-03-15T19:54:39.843966Z","state":"ENABLED","replicationStatus":{"automatic":{}},"etag":"\"163066ecea5e7e\""}
[debug] [2025-03-15T19:58:35.759Z] Checked if tokens are valid: true, expires at: 1742071837354
[debug] [2025-03-15T19:58:35.759Z] Checked if tokens are valid: true, expires at: 1742071837354
[debug] [2025-03-15T19:58:35.760Z] >>> [apiv2][query] GET https://secretmanager.googleapis.com/v1/projects/send-email-from-websmith/secrets/EMAIL_RECIPIENT [none]
[debug] [2025-03-15T19:58:35.971Z] <<< [apiv2][status] GET https://secretmanager.googleapis.com/v1/projects/send-email-from-websmith/secrets/EMAIL_RECIPIENT 200
[debug] [2025-03-15T19:58:35.972Z] <<< [apiv2][body] GET https://secretmanager.googleapis.com/v1/projects/send-email-from-websmith/secrets/EMAIL_RECIPIENT {"name":"projects/284644472957/secrets/EMAIL_RECIPIENT","replication":{"automatic":{}},"createTime":"2025-03-15T19:54:49.716952Z","labels":{"firebase-managed":"functions"},"etag":"\"163066ed8104d8\""}
[debug] [2025-03-15T19:58:35.972Z] Checked if tokens are valid: true, expires at: 1742071837354
[debug] [2025-03-15T19:58:35.972Z] Checked if tokens are valid: true, expires at: 1742071837354
[debug] [2025-03-15T19:58:35.972Z] >>> [apiv2][query] GET https://secretmanager.googleapis.com/v1/projects/send-email-from-websmith/secrets/EMAIL_RECIPIENT/versions/latest [none]
[debug] [2025-03-15T19:58:36.072Z] <<< [apiv2][status] GET https://secretmanager.googleapis.com/v1/projects/send-email-from-websmith/secrets/EMAIL_RECIPIENT/versions/latest 200
[debug] [2025-03-15T19:58:36.073Z] <<< [apiv2][body] GET https://secretmanager.googleapis.com/v1/projects/send-email-from-websmith/secrets/EMAIL_RECIPIENT/versions/latest {"name":"projects/284644472957/secrets/EMAIL_RECIPIENT/versions/1","createTime":"2025-03-15T19:54:53.543222Z","state":"ENABLED","replicationStatus":{"automatic":{}},"etag":"\"163066edbb6736\""}
[info] i  functions: preparing functions directory for uploading... 
[info] i  functions: packaged /Users/thibault/Documents/Business/WebSmith/websmith.fr/functions (93.66 KB) for uploading 
[debug] [2025-03-15T19:58:36.116Z] Checked if tokens are valid: true, expires at: 1742071837354
[debug] [2025-03-15T19:58:36.116Z] Checked if tokens are valid: true, expires at: 1742071837354
[debug] [2025-03-15T19:58:36.116Z] >>> [apiv2][query] GET https://cloudfunctions.googleapis.com/v1/projects/send-email-from-websmith/locations/-/functions [none]
[debug] [2025-03-15T19:58:36.652Z] <<< [apiv2][status] GET https://cloudfunctions.googleapis.com/v1/projects/send-email-from-websmith/locations/-/functions 200
[debug] [2025-03-15T19:58:36.652Z] <<< [apiv2][body] GET https://cloudfunctions.googleapis.com/v1/projects/send-email-from-websmith/locations/-/functions {}
[debug] [2025-03-15T19:58:36.652Z] Checked if tokens are valid: true, expires at: 1742071837354
[debug] [2025-03-15T19:58:36.652Z] Checked if tokens are valid: true, expires at: 1742071837354
[debug] [2025-03-15T19:58:36.652Z] >>> [apiv2][query] GET https://cloudfunctions.googleapis.com/v2/projects/send-email-from-websmith/locations/-/functions filter=environment%3D%22GEN_2%22
[debug] [2025-03-15T19:58:37.599Z] <<< [apiv2][status] GET https://cloudfunctions.googleapis.com/v2/projects/send-email-from-websmith/locations/-/functions 200
[debug] [2025-03-15T19:58:37.599Z] <<< [apiv2][body] GET https://cloudfunctions.googleapis.com/v2/projects/send-email-from-websmith/locations/-/functions {}
[info] i  functions: ensuring required API run.googleapis.com is enabled... 
[debug] [2025-03-15T19:58:37.602Z] Checked if tokens are valid: true, expires at: 1742071837354
[debug] [2025-03-15T19:58:37.602Z] Checked if tokens are valid: true, expires at: 1742071837354
[info] i  functions: ensuring required API eventarc.googleapis.com is enabled... 
[debug] [2025-03-15T19:58:37.602Z] Checked if tokens are valid: true, expires at: 1742071837354
[debug] [2025-03-15T19:58:37.602Z] Checked if tokens are valid: true, expires at: 1742071837354
[info] i  functions: ensuring required API pubsub.googleapis.com is enabled... 
[debug] [2025-03-15T19:58:37.603Z] Checked if tokens are valid: true, expires at: 1742071837354
[debug] [2025-03-15T19:58:37.603Z] Checked if tokens are valid: true, expires at: 1742071837354
[info] i  functions: ensuring required API storage.googleapis.com is enabled... 
[debug] [2025-03-15T19:58:37.603Z] Checked if tokens are valid: true, expires at: 1742071837354
[debug] [2025-03-15T19:58:37.603Z] Checked if tokens are valid: true, expires at: 1742071837354
[debug] [2025-03-15T19:58:37.603Z] >>> [apiv2][query] GET https://serviceusage.googleapis.com/v1/projects/send-email-from-websmith/services/run.googleapis.com [none]
[debug] [2025-03-15T19:58:37.603Z] >>> [apiv2][(partial)header] GET https://serviceusage.googleapis.com/v1/projects/send-email-from-websmith/services/run.googleapis.com x-goog-quota-user=projects/send-email-from-websmith
[debug] [2025-03-15T19:58:37.605Z] >>> [apiv2][query] GET https://serviceusage.googleapis.com/v1/projects/send-email-from-websmith/services/eventarc.googleapis.com [none]
[debug] [2025-03-15T19:58:37.605Z] >>> [apiv2][(partial)header] GET https://serviceusage.googleapis.com/v1/projects/send-email-from-websmith/services/eventarc.googleapis.com x-goog-quota-user=projects/send-email-from-websmith
[debug] [2025-03-15T19:58:37.606Z] >>> [apiv2][query] GET https://serviceusage.googleapis.com/v1/projects/send-email-from-websmith/services/pubsub.googleapis.com [none]
[debug] [2025-03-15T19:58:37.606Z] >>> [apiv2][(partial)header] GET https://serviceusage.googleapis.com/v1/projects/send-email-from-websmith/services/pubsub.googleapis.com x-goog-quota-user=projects/send-email-from-websmith
[debug] [2025-03-15T19:58:37.608Z] >>> [apiv2][query] GET https://serviceusage.googleapis.com/v1/projects/send-email-from-websmith/services/storage.googleapis.com [none]
[debug] [2025-03-15T19:58:37.608Z] >>> [apiv2][(partial)header] GET https://serviceusage.googleapis.com/v1/projects/send-email-from-websmith/services/storage.googleapis.com x-goog-quota-user=projects/send-email-from-websmith
[debug] [2025-03-15T19:58:38.528Z] <<< [apiv2][status] GET https://serviceusage.googleapis.com/v1/projects/send-email-from-websmith/services/storage.googleapis.com 200
[debug] [2025-03-15T19:58:38.529Z] <<< [apiv2][body] GET https://serviceusage.googleapis.com/v1/projects/send-email-from-websmith/services/storage.googleapis.com [omitted]
[info] ✔  functions: required API storage.googleapis.com is enabled 
[debug] [2025-03-15T19:58:38.529Z] <<< [apiv2][status] GET https://serviceusage.googleapis.com/v1/projects/send-email-from-websmith/services/pubsub.googleapis.com 200
[debug] [2025-03-15T19:58:38.530Z] <<< [apiv2][body] GET https://serviceusage.googleapis.com/v1/projects/send-email-from-websmith/services/pubsub.googleapis.com [omitted]
[info] ✔  functions: required API pubsub.googleapis.com is enabled 
[debug] [2025-03-15T19:58:38.530Z] <<< [apiv2][status] GET https://serviceusage.googleapis.com/v1/projects/send-email-from-websmith/services/eventarc.googleapis.com 200
[debug] [2025-03-15T19:58:38.530Z] <<< [apiv2][body] GET https://serviceusage.googleapis.com/v1/projects/send-email-from-websmith/services/eventarc.googleapis.com [omitted]
[warn] ⚠  functions: missing required API eventarc.googleapis.com. Enabling now... 
[debug] [2025-03-15T19:58:38.530Z] Checked if tokens are valid: true, expires at: 1742071837354
[debug] [2025-03-15T19:58:38.530Z] Checked if tokens are valid: true, expires at: 1742071837354
[debug] [2025-03-15T19:58:38.530Z] >>> [apiv2][query] POST https://serviceusage.googleapis.com/v1/projects/send-email-from-websmith/services/eventarc.googleapis.com:enable [none]
[debug] [2025-03-15T19:58:38.530Z] >>> [apiv2][(partial)header] POST https://serviceusage.googleapis.com/v1/projects/send-email-from-websmith/services/eventarc.googleapis.com:enable x-goog-quota-user=projects/send-email-from-websmith
[debug] [2025-03-15T19:58:38.532Z] <<< [apiv2][status] GET https://serviceusage.googleapis.com/v1/projects/send-email-from-websmith/services/run.googleapis.com 200
[debug] [2025-03-15T19:58:38.532Z] <<< [apiv2][body] GET https://serviceusage.googleapis.com/v1/projects/send-email-from-websmith/services/run.googleapis.com [omitted]
[warn] ⚠  functions: missing required API run.googleapis.com. Enabling now... 
[debug] [2025-03-15T19:58:38.533Z] Checked if tokens are valid: true, expires at: 1742071837354
[debug] [2025-03-15T19:58:38.533Z] Checked if tokens are valid: true, expires at: 1742071837354
[debug] [2025-03-15T19:58:38.533Z] >>> [apiv2][query] POST https://serviceusage.googleapis.com/v1/projects/send-email-from-websmith/services/run.googleapis.com:enable [none]
[debug] [2025-03-15T19:58:38.533Z] >>> [apiv2][(partial)header] POST https://serviceusage.googleapis.com/v1/projects/send-email-from-websmith/services/run.googleapis.com:enable x-goog-quota-user=projects/send-email-from-websmith
[debug] [2025-03-15T19:58:39.648Z] <<< [apiv2][status] POST https://serviceusage.googleapis.com/v1/projects/send-email-from-websmith/services/eventarc.googleapis.com:enable 200
[debug] [2025-03-15T19:58:39.648Z] <<< [apiv2][body] POST https://serviceusage.googleapis.com/v1/projects/send-email-from-websmith/services/eventarc.googleapis.com:enable [omitted]
[debug] [2025-03-15T19:58:39.648Z] <<< [apiv2][status] POST https://serviceusage.googleapis.com/v1/projects/send-email-from-websmith/services/run.googleapis.com:enable 200
[debug] [2025-03-15T19:58:39.648Z] <<< [apiv2][body] POST https://serviceusage.googleapis.com/v1/projects/send-email-from-websmith/services/run.googleapis.com:enable [omitted]
[debug] [2025-03-15T19:58:49.651Z] Checked if tokens are valid: true, expires at: 1742071837354
[debug] [2025-03-15T19:58:49.652Z] Checked if tokens are valid: true, expires at: 1742071837354
[debug] [2025-03-15T19:58:49.652Z] >>> [apiv2][query] GET https://serviceusage.googleapis.com/v1/projects/send-email-from-websmith/services/eventarc.googleapis.com [none]
[debug] [2025-03-15T19:58:49.653Z] >>> [apiv2][(partial)header] GET https://serviceusage.googleapis.com/v1/projects/send-email-from-websmith/services/eventarc.googleapis.com x-goog-quota-user=projects/send-email-from-websmith
[debug] [2025-03-15T19:58:49.656Z] Checked if tokens are valid: true, expires at: 1742071837354
[debug] [2025-03-15T19:58:49.656Z] Checked if tokens are valid: true, expires at: 1742071837354
[debug] [2025-03-15T19:58:49.657Z] >>> [apiv2][query] GET https://serviceusage.googleapis.com/v1/projects/send-email-from-websmith/services/run.googleapis.com [none]
[debug] [2025-03-15T19:58:49.657Z] >>> [apiv2][(partial)header] GET https://serviceusage.googleapis.com/v1/projects/send-email-from-websmith/services/run.googleapis.com x-goog-quota-user=projects/send-email-from-websmith
[debug] [2025-03-15T19:58:50.506Z] <<< [apiv2][status] GET https://serviceusage.googleapis.com/v1/projects/send-email-from-websmith/services/eventarc.googleapis.com 200
[debug] [2025-03-15T19:58:50.507Z] <<< [apiv2][body] GET https://serviceusage.googleapis.com/v1/projects/send-email-from-websmith/services/eventarc.googleapis.com [omitted]
[info] ✔  functions: required API eventarc.googleapis.com is enabled 
[debug] [2025-03-15T19:58:50.517Z] <<< [apiv2][status] GET https://serviceusage.googleapis.com/v1/projects/send-email-from-websmith/services/run.googleapis.com 200
[debug] [2025-03-15T19:58:50.517Z] <<< [apiv2][body] GET https://serviceusage.googleapis.com/v1/projects/send-email-from-websmith/services/run.googleapis.com [omitted]
[info] ✔  functions: required API run.googleapis.com is enabled 
[info] i  functions: generating the service identity for pubsub.googleapis.com... 
[debug] [2025-03-15T19:58:50.520Z] Checked if tokens are valid: true, expires at: 1742071837354
[debug] [2025-03-15T19:58:50.520Z] Checked if tokens are valid: true, expires at: 1742071837354
[info] i  functions: generating the service identity for eventarc.googleapis.com... 
[debug] [2025-03-15T19:58:50.520Z] Checked if tokens are valid: true, expires at: 1742071837354
[debug] [2025-03-15T19:58:50.520Z] Checked if tokens are valid: true, expires at: 1742071837354
[debug] [2025-03-15T19:58:50.520Z] >>> [apiv2][query] POST https://serviceusage.googleapis.com/v1beta1/projects/284644472957/services/pubsub.googleapis.com:generateServiceIdentity [none]
[debug] [2025-03-15T19:58:50.521Z] >>> [apiv2][query] POST https://serviceusage.googleapis.com/v1beta1/projects/284644472957/services/eventarc.googleapis.com:generateServiceIdentity [none]
[debug] [2025-03-15T19:58:51.526Z] <<< [apiv2][status] POST https://serviceusage.googleapis.com/v1beta1/projects/284644472957/services/pubsub.googleapis.com:generateServiceIdentity 200
[debug] [2025-03-15T19:58:51.526Z] <<< [apiv2][body] POST https://serviceusage.googleapis.com/v1beta1/projects/284644472957/services/pubsub.googleapis.com:generateServiceIdentity {"name":"operations/finished.DONE_OPERATION","done":true,"response":{"@type":"type.googleapis.com/google.api.serviceusage.v1beta1.ServiceIdentity","email":"service-284644472957@gcp-sa-pubsub.iam.gserviceaccount.com","uniqueId":"104208105407855603264"}}
[debug] [2025-03-15T19:58:51.744Z] <<< [apiv2][status] POST https://serviceusage.googleapis.com/v1beta1/projects/284644472957/services/eventarc.googleapis.com:generateServiceIdentity 200
[debug] [2025-03-15T19:58:51.744Z] <<< [apiv2][body] POST https://serviceusage.googleapis.com/v1beta1/projects/284644472957/services/eventarc.googleapis.com:generateServiceIdentity {"name":"operations/finished.DONE_OPERATION","done":true,"response":{"@type":"type.googleapis.com/google.api.serviceusage.v1beta1.ServiceIdentity","email":"service-284644472957@gcp-sa-eventarc.iam.gserviceaccount.com","uniqueId":"115047603509057493649"}}
[debug] [2025-03-15T19:58:51.745Z] Checked if tokens are valid: true, expires at: 1742071837354
[debug] [2025-03-15T19:58:51.745Z] Checked if tokens are valid: true, expires at: 1742071837354
[debug] [2025-03-15T19:58:51.745Z] Checked if tokens are valid: true, expires at: 1742071837354
[debug] [2025-03-15T19:58:51.745Z] Checked if tokens are valid: true, expires at: 1742071837354
[debug] [2025-03-15T19:58:51.745Z] Checked if tokens are valid: true, expires at: 1742071837354
[debug] [2025-03-15T19:58:51.745Z] Checked if tokens are valid: true, expires at: 1742071837354
[debug] [2025-03-15T19:58:51.745Z] Checked if tokens are valid: true, expires at: 1742071837354
[debug] [2025-03-15T19:58:51.745Z] Checked if tokens are valid: true, expires at: 1742071837354
[debug] [2025-03-15T19:58:51.745Z] Checked if tokens are valid: true, expires at: 1742071837354
[debug] [2025-03-15T19:58:51.745Z] Checked if tokens are valid: true, expires at: 1742071837354
[debug] [2025-03-15T19:58:51.745Z] >>> [apiv2][query] GET https://secretmanager.googleapis.com/v1/projects/send-email-from-websmith/secrets/EMAIL_USER/versions/latest [none]
[debug] [2025-03-15T19:58:51.747Z] >>> [apiv2][query] GET https://secretmanager.googleapis.com/v1/projects/send-email-from-websmith/secrets/EMAIL_PASS/versions/latest [none]
[debug] [2025-03-15T19:58:51.747Z] >>> [apiv2][query] GET https://secretmanager.googleapis.com/v1/projects/send-email-from-websmith/secrets/EMAIL_HOST/versions/latest [none]
[debug] [2025-03-15T19:58:51.749Z] >>> [apiv2][query] GET https://secretmanager.googleapis.com/v1/projects/send-email-from-websmith/secrets/EMAIL_PORT/versions/latest [none]
[debug] [2025-03-15T19:58:51.749Z] >>> [apiv2][query] GET https://secretmanager.googleapis.com/v1/projects/send-email-from-websmith/secrets/EMAIL_RECIPIENT/versions/latest [none]
[debug] [2025-03-15T19:58:51.952Z] <<< [apiv2][status] GET https://secretmanager.googleapis.com/v1/projects/send-email-from-websmith/secrets/EMAIL_PASS/versions/latest 200
[debug] [2025-03-15T19:58:51.952Z] <<< [apiv2][body] GET https://secretmanager.googleapis.com/v1/projects/send-email-from-websmith/secrets/EMAIL_PASS/versions/latest {"name":"projects/284644472957/secrets/EMAIL_PASS/versions/1","createTime":"2025-03-15T19:53:58.993957Z","state":"ENABLED","replicationStatus":{"automatic":{}},"etag":"\"163066ea7b0c25\""}
[debug] [2025-03-15T19:58:51.952Z] Resolved secret version of EMAIL_PASS to 1.
[debug] [2025-03-15T19:58:51.953Z] <<< [apiv2][status] GET https://secretmanager.googleapis.com/v1/projects/send-email-from-websmith/secrets/EMAIL_USER/versions/latest 200
[debug] [2025-03-15T19:58:51.953Z] <<< [apiv2][body] GET https://secretmanager.googleapis.com/v1/projects/send-email-from-websmith/secrets/EMAIL_USER/versions/latest {"name":"projects/284644472957/secrets/EMAIL_USER/versions/2","createTime":"2025-03-15T19:53:38.065011Z","state":"ENABLED","replicationStatus":{"automatic":{}},"etag":"\"163066e93bb273\""}
[debug] [2025-03-15T19:58:51.953Z] Resolved secret version of EMAIL_USER to 2.
[debug] [2025-03-15T19:58:51.963Z] <<< [apiv2][status] GET https://secretmanager.googleapis.com/v1/projects/send-email-from-websmith/secrets/EMAIL_RECIPIENT/versions/latest 200
[debug] [2025-03-15T19:58:51.963Z] <<< [apiv2][body] GET https://secretmanager.googleapis.com/v1/projects/send-email-from-websmith/secrets/EMAIL_RECIPIENT/versions/latest {"name":"projects/284644472957/secrets/EMAIL_RECIPIENT/versions/1","createTime":"2025-03-15T19:54:53.543222Z","state":"ENABLED","replicationStatus":{"automatic":{}},"etag":"\"163066edbb6736\""}
[debug] [2025-03-15T19:58:51.963Z] Resolved secret version of EMAIL_RECIPIENT to 1.
[debug] [2025-03-15T19:58:51.965Z] <<< [apiv2][status] GET https://secretmanager.googleapis.com/v1/projects/send-email-from-websmith/secrets/EMAIL_HOST/versions/latest 200
[debug] [2025-03-15T19:58:51.965Z] <<< [apiv2][body] GET https://secretmanager.googleapis.com/v1/projects/send-email-from-websmith/secrets/EMAIL_HOST/versions/latest {"name":"projects/284644472957/secrets/EMAIL_HOST/versions/1","createTime":"2025-03-15T19:54:26.345706Z","state":"ENABLED","replicationStatus":{"automatic":{}},"etag":"\"163066ec1c66ea\""}
[debug] [2025-03-15T19:58:51.965Z] Resolved secret version of EMAIL_HOST to 1.
[debug] [2025-03-15T19:58:52.071Z] <<< [apiv2][status] GET https://secretmanager.googleapis.com/v1/projects/send-email-from-websmith/secrets/EMAIL_PORT/versions/latest 200
[debug] [2025-03-15T19:58:52.071Z] <<< [apiv2][body] GET https://secretmanager.googleapis.com/v1/projects/send-email-from-websmith/secrets/EMAIL_PORT/versions/latest {"name":"projects/284644472957/secrets/EMAIL_PORT/versions/1","createTime":"2025-03-15T19:54:39.843966Z","state":"ENABLED","replicationStatus":{"automatic":{}},"etag":"\"163066ecea5e7e\""}
[debug] [2025-03-15T19:58:52.071Z] Resolved secret version of EMAIL_PORT to 1.
[debug] [2025-03-15T19:58:52.072Z] Checked if tokens are valid: true, expires at: 1742071837354
[debug] [2025-03-15T19:58:52.072Z] Checked if tokens are valid: true, expires at: 1742071837354
[debug] [2025-03-15T19:58:52.072Z] >>> [apiv2][query] GET https://cloudresourcemanager.googleapis.com/v1/projects/send-email-from-websmith [none]
[debug] [2025-03-15T19:58:52.750Z] <<< [apiv2][status] GET https://cloudresourcemanager.googleapis.com/v1/projects/send-email-from-websmith 200
[debug] [2025-03-15T19:58:52.750Z] <<< [apiv2][body] GET https://cloudresourcemanager.googleapis.com/v1/projects/send-email-from-websmith {"projectNumber":"284644472957","projectId":"send-email-from-websmith","lifecycleState":"ACTIVE","name":"Send email from websmith","labels":{"firebase":"enabled","firebase-core":"disabled"},"createTime":"2025-03-13T22:06:08.225488Z"}
[info] i  functions: ensuring 284644472957-compute@developer.gserviceaccount.com access to secret EMAIL_USER. 
[debug] [2025-03-15T19:58:52.751Z] Checked if tokens are valid: true, expires at: 1742071837354
[debug] [2025-03-15T19:58:52.751Z] Checked if tokens are valid: true, expires at: 1742071837354
[info] i  functions: ensuring 284644472957-compute@developer.gserviceaccount.com access to secret EMAIL_PASS. 
[debug] [2025-03-15T19:58:52.752Z] Checked if tokens are valid: true, expires at: 1742071837354
[debug] [2025-03-15T19:58:52.752Z] Checked if tokens are valid: true, expires at: 1742071837354
[info] i  functions: ensuring 284644472957-compute@developer.gserviceaccount.com access to secret EMAIL_HOST. 
[debug] [2025-03-15T19:58:52.752Z] Checked if tokens are valid: true, expires at: 1742071837354
[debug] [2025-03-15T19:58:52.752Z] Checked if tokens are valid: true, expires at: 1742071837354
[info] i  functions: ensuring 284644472957-compute@developer.gserviceaccount.com access to secret EMAIL_PORT. 
[debug] [2025-03-15T19:58:52.752Z] Checked if tokens are valid: true, expires at: 1742071837354
[debug] [2025-03-15T19:58:52.752Z] Checked if tokens are valid: true, expires at: 1742071837354
[info] i  functions: ensuring 284644472957-compute@developer.gserviceaccount.com access to secret EMAIL_RECIPIENT. 
[debug] [2025-03-15T19:58:52.752Z] Checked if tokens are valid: true, expires at: 1742071837354
[debug] [2025-03-15T19:58:52.752Z] Checked if tokens are valid: true, expires at: 1742071837354
[debug] [2025-03-15T19:58:52.752Z] >>> [apiv2][query] GET https://secretmanager.googleapis.com/v1/projects/send-email-from-websmith/secrets/EMAIL_USER:getIamPolicy [none]
[debug] [2025-03-15T19:58:52.753Z] >>> [apiv2][query] GET https://secretmanager.googleapis.com/v1/projects/send-email-from-websmith/secrets/EMAIL_PASS:getIamPolicy [none]
[debug] [2025-03-15T19:58:52.753Z] >>> [apiv2][query] GET https://secretmanager.googleapis.com/v1/projects/send-email-from-websmith/secrets/EMAIL_HOST:getIamPolicy [none]
[debug] [2025-03-15T19:58:52.754Z] >>> [apiv2][query] GET https://secretmanager.googleapis.com/v1/projects/send-email-from-websmith/secrets/EMAIL_PORT:getIamPolicy [none]
[debug] [2025-03-15T19:58:52.754Z] >>> [apiv2][query] GET https://secretmanager.googleapis.com/v1/projects/send-email-from-websmith/secrets/EMAIL_RECIPIENT:getIamPolicy [none]
[debug] [2025-03-15T19:58:53.014Z] <<< [apiv2][status] GET https://secretmanager.googleapis.com/v1/projects/send-email-from-websmith/secrets/EMAIL_RECIPIENT:getIamPolicy 200
[debug] [2025-03-15T19:58:53.014Z] <<< [apiv2][body] GET https://secretmanager.googleapis.com/v1/projects/send-email-from-websmith/secrets/EMAIL_RECIPIENT:getIamPolicy {"etag":"ACAB"}
[debug] [2025-03-15T19:58:53.015Z] Checked if tokens are valid: true, expires at: 1742071837354
[debug] [2025-03-15T19:58:53.015Z] Checked if tokens are valid: true, expires at: 1742071837354
[debug] [2025-03-15T19:58:53.015Z] >>> [apiv2][query] POST https://secretmanager.googleapis.com/v1/projects/send-email-from-websmith/secrets/EMAIL_RECIPIENT:setIamPolicy [none]
[debug] [2025-03-15T19:58:53.015Z] >>> [apiv2][body] POST https://secretmanager.googleapis.com/v1/projects/send-email-from-websmith/secrets/EMAIL_RECIPIENT:setIamPolicy {"policy":{"bindings":[{"role":"roles/secretmanager.secretAccessor","members":["serviceAccount:284644472957-compute@developer.gserviceaccount.com"]}]},"updateMask":"bindings"}
[debug] [2025-03-15T19:58:53.126Z] <<< [apiv2][status] GET https://secretmanager.googleapis.com/v1/projects/send-email-from-websmith/secrets/EMAIL_PASS:getIamPolicy 200
[debug] [2025-03-15T19:58:53.127Z] <<< [apiv2][body] GET https://secretmanager.googleapis.com/v1/projects/send-email-from-websmith/secrets/EMAIL_PASS:getIamPolicy {"etag":"ACAB"}
[debug] [2025-03-15T19:58:53.127Z] Checked if tokens are valid: true, expires at: 1742071837354
[debug] [2025-03-15T19:58:53.127Z] Checked if tokens are valid: true, expires at: 1742071837354
[debug] [2025-03-15T19:58:53.127Z] >>> [apiv2][query] POST https://secretmanager.googleapis.com/v1/projects/send-email-from-websmith/secrets/EMAIL_PASS:setIamPolicy [none]
[debug] [2025-03-15T19:58:53.127Z] >>> [apiv2][body] POST https://secretmanager.googleapis.com/v1/projects/send-email-from-websmith/secrets/EMAIL_PASS:setIamPolicy {"policy":{"bindings":[{"role":"roles/secretmanager.secretAccessor","members":["serviceAccount:284644472957-compute@developer.gserviceaccount.com"]}]},"updateMask":"bindings"}
[debug] [2025-03-15T19:58:53.128Z] <<< [apiv2][status] GET https://secretmanager.googleapis.com/v1/projects/send-email-from-websmith/secrets/EMAIL_PORT:getIamPolicy 200
[debug] [2025-03-15T19:58:53.128Z] <<< [apiv2][body] GET https://secretmanager.googleapis.com/v1/projects/send-email-from-websmith/secrets/EMAIL_PORT:getIamPolicy {"etag":"ACAB"}
[debug] [2025-03-15T19:58:53.128Z] Checked if tokens are valid: true, expires at: 1742071837354
[debug] [2025-03-15T19:58:53.128Z] Checked if tokens are valid: true, expires at: 1742071837354
[debug] [2025-03-15T19:58:53.128Z] >>> [apiv2][query] POST https://secretmanager.googleapis.com/v1/projects/send-email-from-websmith/secrets/EMAIL_PORT:setIamPolicy [none]
[debug] [2025-03-15T19:58:53.128Z] >>> [apiv2][body] POST https://secretmanager.googleapis.com/v1/projects/send-email-from-websmith/secrets/EMAIL_PORT:setIamPolicy {"policy":{"bindings":[{"role":"roles/secretmanager.secretAccessor","members":["serviceAccount:284644472957-compute@developer.gserviceaccount.com"]}]},"updateMask":"bindings"}
[debug] [2025-03-15T19:58:53.225Z] <<< [apiv2][status] GET https://secretmanager.googleapis.com/v1/projects/send-email-from-websmith/secrets/EMAIL_USER:getIamPolicy 200
[debug] [2025-03-15T19:58:53.225Z] <<< [apiv2][body] GET https://secretmanager.googleapis.com/v1/projects/send-email-from-websmith/secrets/EMAIL_USER:getIamPolicy {"etag":"ACAB"}
[debug] [2025-03-15T19:58:53.226Z] Checked if tokens are valid: true, expires at: 1742071837354
[debug] [2025-03-15T19:58:53.226Z] Checked if tokens are valid: true, expires at: 1742071837354
[debug] [2025-03-15T19:58:53.226Z] >>> [apiv2][query] POST https://secretmanager.googleapis.com/v1/projects/send-email-from-websmith/secrets/EMAIL_USER:setIamPolicy [none]
[debug] [2025-03-15T19:58:53.226Z] >>> [apiv2][body] POST https://secretmanager.googleapis.com/v1/projects/send-email-from-websmith/secrets/EMAIL_USER:setIamPolicy {"policy":{"bindings":[{"role":"roles/secretmanager.secretAccessor","members":["serviceAccount:284644472957-compute@developer.gserviceaccount.com"]}]},"updateMask":"bindings"}
[debug] [2025-03-15T19:58:53.230Z] <<< [apiv2][status] GET https://secretmanager.googleapis.com/v1/projects/send-email-from-websmith/secrets/EMAIL_HOST:getIamPolicy 200
[debug] [2025-03-15T19:58:53.230Z] <<< [apiv2][body] GET https://secretmanager.googleapis.com/v1/projects/send-email-from-websmith/secrets/EMAIL_HOST:getIamPolicy {"etag":"ACAB"}
[debug] [2025-03-15T19:58:53.230Z] Checked if tokens are valid: true, expires at: 1742071837354
[debug] [2025-03-15T19:58:53.230Z] Checked if tokens are valid: true, expires at: 1742071837354
[debug] [2025-03-15T19:58:53.230Z] >>> [apiv2][query] POST https://secretmanager.googleapis.com/v1/projects/send-email-from-websmith/secrets/EMAIL_HOST:setIamPolicy [none]
[debug] [2025-03-15T19:58:53.230Z] >>> [apiv2][body] POST https://secretmanager.googleapis.com/v1/projects/send-email-from-websmith/secrets/EMAIL_HOST:setIamPolicy {"policy":{"bindings":[{"role":"roles/secretmanager.secretAccessor","members":["serviceAccount:284644472957-compute@developer.gserviceaccount.com"]}]},"updateMask":"bindings"}
[debug] [2025-03-15T19:58:53.662Z] <<< [apiv2][status] POST https://secretmanager.googleapis.com/v1/projects/send-email-from-websmith/secrets/EMAIL_PASS:setIamPolicy 200
[debug] [2025-03-15T19:58:53.662Z] <<< [apiv2][body] POST https://secretmanager.googleapis.com/v1/projects/send-email-from-websmith/secrets/EMAIL_PASS:setIamPolicy {"version":1,"etag":"BwYwZvwK9rw=","bindings":[{"role":"roles/secretmanager.secretAccessor","members":["serviceAccount:284644472957-compute@developer.gserviceaccount.com"]}]}
[info] ✔  secretmanager: Granted roles/secretmanager.secretAccessor on projects/send-email-from-websmith/secrets/EMAIL_PASS to 284644472957-compute@developer.gserviceaccount.com 
[info] ✔  functions: ensured 284644472957-compute@developer.gserviceaccount.com access to EMAIL_PASS. 
[debug] [2025-03-15T19:58:53.666Z] <<< [apiv2][status] POST https://secretmanager.googleapis.com/v1/projects/send-email-from-websmith/secrets/EMAIL_PORT:setIamPolicy 200
[debug] [2025-03-15T19:58:53.667Z] <<< [apiv2][body] POST https://secretmanager.googleapis.com/v1/projects/send-email-from-websmith/secrets/EMAIL_PORT:setIamPolicy {"version":1,"etag":"BwYwZvwLLCU=","bindings":[{"role":"roles/secretmanager.secretAccessor","members":["serviceAccount:284644472957-compute@developer.gserviceaccount.com"]}]}
[info] ✔  secretmanager: Granted roles/secretmanager.secretAccessor on projects/send-email-from-websmith/secrets/EMAIL_PORT to 284644472957-compute@developer.gserviceaccount.com 
[info] ✔  functions: ensured 284644472957-compute@developer.gserviceaccount.com access to EMAIL_PORT. 
[debug] [2025-03-15T19:58:53.752Z] <<< [apiv2][status] POST https://secretmanager.googleapis.com/v1/projects/send-email-from-websmith/secrets/EMAIL_USER:setIamPolicy 200
[debug] [2025-03-15T19:58:53.752Z] <<< [apiv2][body] POST https://secretmanager.googleapis.com/v1/projects/send-email-from-websmith/secrets/EMAIL_USER:setIamPolicy {"version":1,"etag":"BwYwZvwMdCc=","bindings":[{"role":"roles/secretmanager.secretAccessor","members":["serviceAccount:284644472957-compute@developer.gserviceaccount.com"]}]}
[info] ✔  secretmanager: Granted roles/secretmanager.secretAccessor on projects/send-email-from-websmith/secrets/EMAIL_USER to 284644472957-compute@developer.gserviceaccount.com 
[info] ✔  functions: ensured 284644472957-compute@developer.gserviceaccount.com access to EMAIL_USER. 
[debug] [2025-03-15T19:58:53.762Z] <<< [apiv2][status] POST https://secretmanager.googleapis.com/v1/projects/send-email-from-websmith/secrets/EMAIL_HOST:setIamPolicy 200
[debug] [2025-03-15T19:58:53.762Z] <<< [apiv2][body] POST https://secretmanager.googleapis.com/v1/projects/send-email-from-websmith/secrets/EMAIL_HOST:setIamPolicy {"version":1,"etag":"BwYwZvwMlW0=","bindings":[{"role":"roles/secretmanager.secretAccessor","members":["serviceAccount:284644472957-compute@developer.gserviceaccount.com"]}]}
[info] ✔  secretmanager: Granted roles/secretmanager.secretAccessor on projects/send-email-from-websmith/secrets/EMAIL_HOST to 284644472957-compute@developer.gserviceaccount.com 
[info] ✔  functions: ensured 284644472957-compute@developer.gserviceaccount.com access to EMAIL_HOST. 
[debug] [2025-03-15T19:58:53.791Z] <<< [apiv2][status] POST https://secretmanager.googleapis.com/v1/projects/send-email-from-websmith/secrets/EMAIL_RECIPIENT:setIamPolicy 200
[debug] [2025-03-15T19:58:53.791Z] <<< [apiv2][body] POST https://secretmanager.googleapis.com/v1/projects/send-email-from-websmith/secrets/EMAIL_RECIPIENT:setIamPolicy {"version":1,"etag":"BwYwZvwNCiI=","bindings":[{"role":"roles/secretmanager.secretAccessor","members":["serviceAccount:284644472957-compute@developer.gserviceaccount.com"]}]}
[info] ✔  secretmanager: Granted roles/secretmanager.secretAccessor on projects/send-email-from-websmith/secrets/EMAIL_RECIPIENT to 284644472957-compute@developer.gserviceaccount.com 
[info] ✔  functions: ensured 284644472957-compute@developer.gserviceaccount.com access to EMAIL_RECIPIENT. 
[debug] [2025-03-15T19:58:53.792Z] Checked if tokens are valid: true, expires at: 1742071837354
[debug] [2025-03-15T19:58:53.792Z] Checked if tokens are valid: true, expires at: 1742071837354
[debug] [2025-03-15T19:58:53.793Z] >>> [apiv2][query] GET https://cloudbilling.googleapis.com/v1/projects/send-email-from-websmith/billingInfo [none]
[debug] [2025-03-15T19:58:54.649Z] <<< [apiv2][status] GET https://cloudbilling.googleapis.com/v1/projects/send-email-from-websmith/billingInfo 200
[debug] [2025-03-15T19:58:54.650Z] <<< [apiv2][body] GET https://cloudbilling.googleapis.com/v1/projects/send-email-from-websmith/billingInfo {"name":"projects/send-email-from-websmith/billingInfo","projectId":"send-email-from-websmith","billingAccountName":"billingAccounts/01CEE9-185750-6CB508","billingEnabled":true}
[debug] [2025-03-15T19:58:54.651Z] [functions] found 1 new HTTP functions, testing setIamPolicy permission...
[debug] [2025-03-15T19:58:54.651Z] Checked if tokens are valid: true, expires at: 1742071837354
[debug] [2025-03-15T19:58:54.651Z] Checked if tokens are valid: true, expires at: 1742071837354
[debug] [2025-03-15T19:58:54.651Z] >>> [apiv2][query] POST https://cloudresourcemanager.googleapis.com/v1/projects/send-email-from-websmith:testIamPermissions [none]
[debug] [2025-03-15T19:58:54.651Z] >>> [apiv2][(partial)header] POST https://cloudresourcemanager.googleapis.com/v1/projects/send-email-from-websmith:testIamPermissions x-goog-quota-user=projects/send-email-from-websmith
[debug] [2025-03-15T19:58:54.651Z] >>> [apiv2][body] POST https://cloudresourcemanager.googleapis.com/v1/projects/send-email-from-websmith:testIamPermissions {"permissions":["cloudfunctions.functions.setIamPolicy"]}
[debug] [2025-03-15T19:58:54.805Z] <<< [apiv2][status] POST https://cloudresourcemanager.googleapis.com/v1/projects/send-email-from-websmith:testIamPermissions 200
[debug] [2025-03-15T19:58:54.805Z] <<< [apiv2][body] POST https://cloudresourcemanager.googleapis.com/v1/projects/send-email-from-websmith:testIamPermissions {"permissions":["cloudfunctions.functions.setIamPolicy"]}
[debug] [2025-03-15T19:58:54.805Z] [functions] found setIamPolicy permission, proceeding with deploy
[debug] [2025-03-15T19:58:54.806Z] Checked if tokens are valid: true, expires at: 1742071837354
[debug] [2025-03-15T19:58:54.806Z] Checked if tokens are valid: true, expires at: 1742071837354
[debug] [2025-03-15T19:58:54.806Z] >>> [apiv2][query] POST https://cloudfunctions.googleapis.com/v2/projects/send-email-from-websmith/locations/us-central1/functions:generateUploadUrl [none]
[debug] [2025-03-15T19:58:56.697Z] <<< [apiv2][status] POST https://cloudfunctions.googleapis.com/v2/projects/send-email-from-websmith/locations/us-central1/functions:generateUploadUrl 200
[debug] [2025-03-15T19:58:56.697Z] <<< [apiv2][body] POST https://cloudfunctions.googleapis.com/v2/projects/send-email-from-websmith/locations/us-central1/functions:generateUploadUrl {"uploadUrl":"https://storage.googleapis.com/gcf-v2-uploads-284644472957.us-central1.cloudfunctions.appspot.com/45ca1a33-c5d4-4982-8659-7486c32acab8.zip?GoogleAccessId=service-284644472957@gcf-admin-robot.iam.gserviceaccount.com&Expires=1742070536&Signature=SgC9IGOLjIR7RrKJtekaOtu2g7asYv5DlBYSSs0lBJ0OZyKLeNplWaMz64khVWvlNitSc3C4oOIhTou3M6g9k2Q1V6cedbarRosm6Er8PAtQYK73IzIkdFISqHLt1j%2FOs%2BnFbbi%2FvICQv3qkQIfeeHkf0WFXqheXFqadKJXf7%2BqSiJAH3FKVv3jZobYyYhlfGU3rZTBl8pF4%2BIVn%2FtlpBxJAAsHcc3lCXX4jQTfmhIWHtG81jWoTQB9sbKLfS0qdgi7glUz3hMuNFQaKdi%2FKfKZpRD%2FF%2Br%2F1PshsF6c9HmoUm0W9RA%2FFXWymGbvGqIgNQONNbuMArvMN6oCbdm4%2BUQ%3D%3D","storageSource":{"bucket":"gcf-v2-uploads-284644472957.us-central1.cloudfunctions.appspot.com","object":"45ca1a33-c5d4-4982-8659-7486c32acab8.zip"}}
[debug] [2025-03-15T19:58:56.698Z] >>> [apiv2][query] PUT https://storage.googleapis.com/gcf-v2-uploads-284644472957.us-central1.cloudfunctions.appspot.com/45ca1a33-c5d4-4982-8659-7486c32acab8.zip GoogleAccessId=service-284644472957%40gcf-admin-robot.iam.gserviceaccount.com&Expires=1742070536&Signature=SgC9IGOLjIR7RrKJtekaOtu2g7asYv5DlBYSSs0lBJ0OZyKLeNplWaMz64khVWvlNitSc3C4oOIhTou3M6g9k2Q1V6cedbarRosm6Er8PAtQYK73IzIkdFISqHLt1j%2FOs%2BnFbbi%2FvICQv3qkQIfeeHkf0WFXqheXFqadKJXf7%2BqSiJAH3FKVv3jZobYyYhlfGU3rZTBl8pF4%2BIVn%2FtlpBxJAAsHcc3lCXX4jQTfmhIWHtG81jWoTQB9sbKLfS0qdgi7glUz3hMuNFQaKdi%2FKfKZpRD%2FF%2Br%2F1PshsF6c9HmoUm0W9RA%2FFXWymGbvGqIgNQONNbuMArvMN6oCbdm4%2BUQ%3D%3D
[debug] [2025-03-15T19:58:56.698Z] >>> [apiv2][body] PUT https://storage.googleapis.com/gcf-v2-uploads-284644472957.us-central1.cloudfunctions.appspot.com/45ca1a33-c5d4-4982-8659-7486c32acab8.zip [stream]
[debug] [2025-03-15T19:58:57.761Z] <<< [apiv2][status] PUT https://storage.googleapis.com/gcf-v2-uploads-284644472957.us-central1.cloudfunctions.appspot.com/45ca1a33-c5d4-4982-8659-7486c32acab8.zip 200
[debug] [2025-03-15T19:58:57.762Z] <<< [apiv2][body] PUT https://storage.googleapis.com/gcf-v2-uploads-284644472957.us-central1.cloudfunctions.appspot.com/45ca1a33-c5d4-4982-8659-7486c32acab8.zip [omitted]
[info] ✔  functions: functions folder uploaded successfully 
[info] i  functions: creating Node.js 22 (2nd Gen) function sendContactEmail(us-central1)... 
[debug] [2025-03-15T19:58:57.766Z] Checked if tokens are valid: true, expires at: 1742071837354
[debug] [2025-03-15T19:58:57.766Z] Checked if tokens are valid: true, expires at: 1742071837354
[debug] [2025-03-15T19:58:57.766Z] >>> [apiv2][query] POST https://cloudfunctions.googleapis.com/v2/projects/send-email-from-websmith/locations/us-central1/functions functionId=sendContactEmail
[debug] [2025-03-15T19:58:57.767Z] >>> [apiv2][body] POST https://cloudfunctions.googleapis.com/v2/projects/send-email-from-websmith/locations/us-central1/functions {"name":"projects/send-email-from-websmith/locations/us-central1/functions/sendContactEmail","buildConfig":{"runtime":"nodejs22","entryPoint":"sendContactEmail","source":{"storageSource":{"bucket":"gcf-v2-uploads-284644472957.us-central1.cloudfunctions.appspot.com","object":"45ca1a33-c5d4-4982-8659-7486c32acab8.zip"}},"environmentVariables":{"GOOGLE_NODE_RUN_SCRIPTS":""}},"serviceConfig":{"environmentVariables":{"FIREBASE_CONFIG":"{\"projectId\":\"send-email-from-websmith\",\"storageBucket\":\"send-email-from-websmith.firebasestorage.app\"}","GCLOUD_PROJECT":"send-email-from-websmith","EVENTARC_CLOUD_EVENT_SOURCE":"projects/send-email-from-websmith/locations/us-central1/services/sendContactEmail","FUNCTION_TARGET":"sendContactEmail","LOG_EXECUTION_ID":"true"},"secretEnvironmentVariables":[{"key":"EMAIL_USER","secret":"EMAIL_USER","projectId":"send-email-from-websmith","version":"2"},{"key":"EMAIL_PASS","secret":"EMAIL_PASS","projectId":"send-email-from-websmith","version":"1"},{"key":"EMAIL_HOST","secret":"EMAIL_HOST","projectId":"send-email-from-websmith","version":"1"},{"key":"EMAIL_PORT","secret":"EMAIL_PORT","projectId":"send-email-from-websmith","version":"1"},{"key":"EMAIL_RECIPIENT","secret":"EMAIL_RECIPIENT","projectId":"send-email-from-websmith","version":"1"}],"ingressSettings":null,"timeoutSeconds":null,"serviceAccountEmail":null,"availableMemory":"256Mi","minInstanceCount":null,"maxInstanceCount":null,"maxInstanceRequestConcurrency":80,"availableCpu":"1","vpcConnector":null,"vpcConnectorEgressSettings":null},"labels":{"deployment-tool":"cli-firebase","firebase-functions-hash":"529985804392db4ac67589a97527b53953ffc1c3"}}
[debug] [2025-03-15T19:59:00.513Z] <<< [apiv2][status] POST https://cloudfunctions.googleapis.com/v2/projects/send-email-from-websmith/locations/us-central1/functions 200
[debug] [2025-03-15T19:59:00.514Z] <<< [apiv2][body] POST https://cloudfunctions.googleapis.com/v2/projects/send-email-from-websmith/locations/us-central1/functions {"name":"projects/send-email-from-websmith/locations/us-central1/operations/operation-1742068738485-63066fc54ed48-2241480b-39b4be8e","metadata":{"@type":"type.googleapis.com/google.cloud.functions.v2.OperationMetadata","createTime":"2025-03-15T19:59:00.495699383Z","target":"projects/send-email-from-websmith/locations/us-central1/functions/sendContactEmail","verb":"create","cancelRequested":false,"apiVersion":"v2"},"done":false}
[debug] [2025-03-15T19:59:00.514Z] Checked if tokens are valid: true, expires at: 1742071837354
[debug] [2025-03-15T19:59:00.514Z] Checked if tokens are valid: true, expires at: 1742071837354
[debug] [2025-03-15T19:59:00.514Z] >>> [apiv2][query] GET https://cloudfunctions.googleapis.com/v2/projects/send-email-from-websmith/locations/us-central1/operations/operation-1742068738485-63066fc54ed48-2241480b-39b4be8e [none]
[debug] [2025-03-15T19:59:01.259Z] <<< [apiv2][status] GET https://cloudfunctions.googleapis.com/v2/projects/send-email-from-websmith/locations/us-central1/operations/operation-1742068738485-63066fc54ed48-2241480b-39b4be8e 200
[debug] [2025-03-15T19:59:01.259Z] <<< [apiv2][body] GET https://cloudfunctions.googleapis.com/v2/projects/send-email-from-websmith/locations/us-central1/operations/operation-1742068738485-63066fc54ed48-2241480b-39b4be8e {"name":"projects/send-email-from-websmith/locations/us-central1/operations/operation-1742068738485-63066fc54ed48-2241480b-39b4be8e","metadata":{"@type":"type.googleapis.com/google.cloud.functions.v2.OperationMetadata","createTime":"2025-03-15T19:59:00.495699383Z","target":"projects/send-email-from-websmith/locations/us-central1/functions/sendContactEmail","verb":"create","cancelRequested":false,"apiVersion":"v2","requestResource":{"@type":"type.googleapis.com/google.cloud.functions.v2.Function","name":"projects/send-email-from-websmith/locations/us-central1/functions/sendContactEmail","buildConfig":{"runtime":"nodejs22","entryPoint":"sendContactEmail","source":{"storageSource":{"bucket":"gcf-v2-sources-284644472957-us-central1","object":"sendContactEmail/function-source.zip","generation":"1742068740196296"}},"environmentVariables":{"GOOGLE_NODE_RUN_SCRIPTS":""},"serviceAccount":"projects/send-email-from-websmith/serviceAccounts/284644472957-compute@developer.gserviceaccount.com","automaticUpdatePolicy":{}},"serviceConfig":{"service":"projects/send-email-from-websmith/locations/us-central1/services/sendcontactemail","timeoutSeconds":60,"environmentVariables":{"FIREBASE_CONFIG":"{\"projectId\":\"send-email-from-websmith\",\"storageBucket\":\"send-email-from-websmith.firebasestorage.app\"}","GCLOUD_PROJECT":"send-email-from-websmith","EVENTARC_CLOUD_EVENT_SOURCE":"projects/send-email-from-websmith/locations/us-central1/services/sendContactEmail","FUNCTION_TARGET":"sendContactEmail","LOG_EXECUTION_ID":"true"},"ingressSettings":"ALLOW_ALL","serviceAccountEmail":"284644472957-compute@developer.gserviceaccount.com","availableMemory":"256Mi","secretEnvironmentVariables":[{"key":"EMAIL_USER","projectId":"send-email-from-websmith","secret":"EMAIL_USER","version":"2"},{"key":"EMAIL_PASS","projectId":"send-email-from-websmith","secret":"EMAIL_PASS","version":"1"},{"key":"EMAIL_HOST","projectId":"send-email-from-websmith","secret":"EMAIL_HOST","version":"1"},{"key":"EMAIL_PORT","projectId":"send-email-from-websmith","secret":"EMAIL_PORT","version":"1"},{"key":"EMAIL_RECIPIENT","projectId":"send-email-from-websmith","secret":"EMAIL_RECIPIENT","version":"1"}],"maxInstanceRequestConcurrency":80,"availableCpu":"1"},"labels":{"deployment-tool":"cli-firebase","firebase-functions-hash":"529985804392db4ac67589a97527b53953ffc1c3"},"environment":"GEN_2"},"stages":[{"name":"BUILD","state":"NOT_STARTED"},{"name":"SERVICE","state":"NOT_STARTED"}],"operationType":"CREATE_FUNCTION"},"done":false}
[debug] [2025-03-15T19:59:01.762Z] [create-default-us-central1-sendContactEmail] Retrying task index 0
[debug] [2025-03-15T19:59:01.763Z] Checked if tokens are valid: true, expires at: 1742071837354
[debug] [2025-03-15T19:59:01.763Z] Checked if tokens are valid: true, expires at: 1742071837354
[debug] [2025-03-15T19:59:01.763Z] >>> [apiv2][query] GET https://cloudfunctions.googleapis.com/v2/projects/send-email-from-websmith/locations/us-central1/operations/operation-1742068738485-63066fc54ed48-2241480b-39b4be8e [none]
[debug] [2025-03-15T19:59:02.437Z] <<< [apiv2][status] GET https://cloudfunctions.googleapis.com/v2/projects/send-email-from-websmith/locations/us-central1/operations/operation-1742068738485-63066fc54ed48-2241480b-39b4be8e 200
[debug] [2025-03-15T19:59:02.438Z] <<< [apiv2][body] GET https://cloudfunctions.googleapis.com/v2/projects/send-email-from-websmith/locations/us-central1/operations/operation-1742068738485-63066fc54ed48-2241480b-39b4be8e {"name":"projects/send-email-from-websmith/locations/us-central1/operations/operation-1742068738485-63066fc54ed48-2241480b-39b4be8e","metadata":{"@type":"type.googleapis.com/google.cloud.functions.v2.OperationMetadata","createTime":"2025-03-15T19:59:00.495699383Z","target":"projects/send-email-from-websmith/locations/us-central1/functions/sendContactEmail","verb":"create","cancelRequested":false,"apiVersion":"v2","requestResource":{"@type":"type.googleapis.com/google.cloud.functions.v2.Function","name":"projects/send-email-from-websmith/locations/us-central1/functions/sendContactEmail","buildConfig":{"runtime":"nodejs22","entryPoint":"sendContactEmail","source":{"storageSource":{"bucket":"gcf-v2-sources-284644472957-us-central1","object":"sendContactEmail/function-source.zip","generation":"1742068740196296"}},"environmentVariables":{"GOOGLE_NODE_RUN_SCRIPTS":""},"serviceAccount":"projects/send-email-from-websmith/serviceAccounts/284644472957-compute@developer.gserviceaccount.com","automaticUpdatePolicy":{}},"serviceConfig":{"service":"projects/send-email-from-websmith/locations/us-central1/services/sendcontactemail","timeoutSeconds":60,"environmentVariables":{"FIREBASE_CONFIG":"{\"projectId\":\"send-email-from-websmith\",\"storageBucket\":\"send-email-from-websmith.firebasestorage.app\"}","GCLOUD_PROJECT":"send-email-from-websmith","EVENTARC_CLOUD_EVENT_SOURCE":"projects/send-email-from-websmith/locations/us-central1/services/sendContactEmail","FUNCTION_TARGET":"sendContactEmail","LOG_EXECUTION_ID":"true"},"ingressSettings":"ALLOW_ALL","serviceAccountEmail":"284644472957-compute@developer.gserviceaccount.com","availableMemory":"256Mi","secretEnvironmentVariables":[{"key":"EMAIL_USER","projectId":"send-email-from-websmith","secret":"EMAIL_USER","version":"2"},{"key":"EMAIL_PASS","projectId":"send-email-from-websmith","secret":"EMAIL_PASS","version":"1"},{"key":"EMAIL_HOST","projectId":"send-email-from-websmith","secret":"EMAIL_HOST","version":"1"},{"key":"EMAIL_PORT","projectId":"send-email-from-websmith","secret":"EMAIL_PORT","version":"1"},{"key":"EMAIL_RECIPIENT","projectId":"send-email-from-websmith","secret":"EMAIL_RECIPIENT","version":"1"}],"maxInstanceRequestConcurrency":80,"availableCpu":"1"},"labels":{"deployment-tool":"cli-firebase","firebase-functions-hash":"529985804392db4ac67589a97527b53953ffc1c3"},"environment":"GEN_2"},"stages":[{"name":"BUILD","state":"NOT_STARTED"},{"name":"SERVICE","state":"NOT_STARTED"}],"operationType":"CREATE_FUNCTION"},"done":false}
[debug] [2025-03-15T19:59:03.439Z] [create-default-us-central1-sendContactEmail] Retrying task index 0
[debug] [2025-03-15T19:59:03.440Z] Checked if tokens are valid: true, expires at: 1742071837354
[debug] [2025-03-15T19:59:03.440Z] Checked if tokens are valid: true, expires at: 1742071837354
[debug] [2025-03-15T19:59:03.440Z] >>> [apiv2][query] GET https://cloudfunctions.googleapis.com/v2/projects/send-email-from-websmith/locations/us-central1/operations/operation-1742068738485-63066fc54ed48-2241480b-39b4be8e [none]
[debug] [2025-03-15T19:59:04.225Z] <<< [apiv2][status] GET https://cloudfunctions.googleapis.com/v2/projects/send-email-from-websmith/locations/us-central1/operations/operation-1742068738485-63066fc54ed48-2241480b-39b4be8e 200
[debug] [2025-03-15T19:59:04.225Z] <<< [apiv2][body] GET https://cloudfunctions.googleapis.com/v2/projects/send-email-from-websmith/locations/us-central1/operations/operation-1742068738485-63066fc54ed48-2241480b-39b4be8e {"name":"projects/send-email-from-websmith/locations/us-central1/operations/operation-1742068738485-63066fc54ed48-2241480b-39b4be8e","metadata":{"@type":"type.googleapis.com/google.cloud.functions.v2.OperationMetadata","createTime":"2025-03-15T19:59:00.495699383Z","target":"projects/send-email-from-websmith/locations/us-central1/functions/sendContactEmail","verb":"create","cancelRequested":false,"apiVersion":"v2","requestResource":{"@type":"type.googleapis.com/google.cloud.functions.v2.Function","name":"projects/send-email-from-websmith/locations/us-central1/functions/sendContactEmail","buildConfig":{"runtime":"nodejs22","entryPoint":"sendContactEmail","source":{"storageSource":{"bucket":"gcf-v2-sources-284644472957-us-central1","object":"sendContactEmail/function-source.zip","generation":"1742068740196296"}},"environmentVariables":{"GOOGLE_NODE_RUN_SCRIPTS":""},"serviceAccount":"projects/send-email-from-websmith/serviceAccounts/284644472957-compute@developer.gserviceaccount.com","automaticUpdatePolicy":{}},"serviceConfig":{"service":"projects/send-email-from-websmith/locations/us-central1/services/sendcontactemail","timeoutSeconds":60,"environmentVariables":{"FIREBASE_CONFIG":"{\"projectId\":\"send-email-from-websmith\",\"storageBucket\":\"send-email-from-websmith.firebasestorage.app\"}","GCLOUD_PROJECT":"send-email-from-websmith","EVENTARC_CLOUD_EVENT_SOURCE":"projects/send-email-from-websmith/locations/us-central1/services/sendContactEmail","FUNCTION_TARGET":"sendContactEmail","LOG_EXECUTION_ID":"true"},"ingressSettings":"ALLOW_ALL","serviceAccountEmail":"284644472957-compute@developer.gserviceaccount.com","availableMemory":"256Mi","secretEnvironmentVariables":[{"key":"EMAIL_USER","projectId":"send-email-from-websmith","secret":"EMAIL_USER","version":"2"},{"key":"EMAIL_PASS","projectId":"send-email-from-websmith","secret":"EMAIL_PASS","version":"1"},{"key":"EMAIL_HOST","projectId":"send-email-from-websmith","secret":"EMAIL_HOST","version":"1"},{"key":"EMAIL_PORT","projectId":"send-email-from-websmith","secret":"EMAIL_PORT","version":"1"},{"key":"EMAIL_RECIPIENT","projectId":"send-email-from-websmith","secret":"EMAIL_RECIPIENT","version":"1"}],"maxInstanceRequestConcurrency":80,"availableCpu":"1"},"labels":{"deployment-tool":"cli-firebase","firebase-functions-hash":"529985804392db4ac67589a97527b53953ffc1c3"},"environment":"GEN_2"},"stages":[{"name":"BUILD","state":"NOT_STARTED"},{"name":"SERVICE","state":"NOT_STARTED"}],"operationType":"CREATE_FUNCTION"},"done":false}
[debug] [2025-03-15T19:59:06.231Z] [create-default-us-central1-sendContactEmail] Retrying task index 0
[debug] [2025-03-15T19:59:06.232Z] Checked if tokens are valid: true, expires at: 1742071837354
[debug] [2025-03-15T19:59:06.232Z] Checked if tokens are valid: true, expires at: 1742071837354
[debug] [2025-03-15T19:59:06.233Z] >>> [apiv2][query] GET https://cloudfunctions.googleapis.com/v2/projects/send-email-from-websmith/locations/us-central1/operations/operation-1742068738485-63066fc54ed48-2241480b-39b4be8e [none]
[debug] [2025-03-15T19:59:06.997Z] <<< [apiv2][status] GET https://cloudfunctions.googleapis.com/v2/projects/send-email-from-websmith/locations/us-central1/operations/operation-1742068738485-63066fc54ed48-2241480b-39b4be8e 200
[debug] [2025-03-15T19:59:06.997Z] <<< [apiv2][body] GET https://cloudfunctions.googleapis.com/v2/projects/send-email-from-websmith/locations/us-central1/operations/operation-1742068738485-63066fc54ed48-2241480b-39b4be8e {"name":"projects/send-email-from-websmith/locations/us-central1/operations/operation-1742068738485-63066fc54ed48-2241480b-39b4be8e","metadata":{"@type":"type.googleapis.com/google.cloud.functions.v2.OperationMetadata","createTime":"2025-03-15T19:59:00.495699383Z","target":"projects/send-email-from-websmith/locations/us-central1/functions/sendContactEmail","verb":"create","cancelRequested":false,"apiVersion":"v2","requestResource":{"@type":"type.googleapis.com/google.cloud.functions.v2.Function","name":"projects/send-email-from-websmith/locations/us-central1/functions/sendContactEmail","buildConfig":{"runtime":"nodejs22","entryPoint":"sendContactEmail","source":{"storageSource":{"bucket":"gcf-v2-sources-284644472957-us-central1","object":"sendContactEmail/function-source.zip","generation":"1742068740196296"}},"environmentVariables":{"GOOGLE_NODE_RUN_SCRIPTS":""},"serviceAccount":"projects/send-email-from-websmith/serviceAccounts/284644472957-compute@developer.gserviceaccount.com","automaticUpdatePolicy":{}},"serviceConfig":{"service":"projects/send-email-from-websmith/locations/us-central1/services/sendcontactemail","timeoutSeconds":60,"environmentVariables":{"FIREBASE_CONFIG":"{\"projectId\":\"send-email-from-websmith\",\"storageBucket\":\"send-email-from-websmith.firebasestorage.app\"}","GCLOUD_PROJECT":"send-email-from-websmith","EVENTARC_CLOUD_EVENT_SOURCE":"projects/send-email-from-websmith/locations/us-central1/services/sendContactEmail","FUNCTION_TARGET":"sendContactEmail","LOG_EXECUTION_ID":"true"},"ingressSettings":"ALLOW_ALL","serviceAccountEmail":"284644472957-compute@developer.gserviceaccount.com","availableMemory":"256Mi","secretEnvironmentVariables":[{"key":"EMAIL_USER","projectId":"send-email-from-websmith","secret":"EMAIL_USER","version":"2"},{"key":"EMAIL_PASS","projectId":"send-email-from-websmith","secret":"EMAIL_PASS","version":"1"},{"key":"EMAIL_HOST","projectId":"send-email-from-websmith","secret":"EMAIL_HOST","version":"1"},{"key":"EMAIL_PORT","projectId":"send-email-from-websmith","secret":"EMAIL_PORT","version":"1"},{"key":"EMAIL_RECIPIENT","projectId":"send-email-from-websmith","secret":"EMAIL_RECIPIENT","version":"1"}],"maxInstanceRequestConcurrency":80,"availableCpu":"1"},"labels":{"deployment-tool":"cli-firebase","firebase-functions-hash":"529985804392db4ac67589a97527b53953ffc1c3"},"environment":"GEN_2"},"stages":[{"name":"BUILD","state":"NOT_STARTED"},{"name":"SERVICE","state":"NOT_STARTED"}],"operationType":"CREATE_FUNCTION"},"done":false}
[debug] [2025-03-15T19:59:11.005Z] [create-default-us-central1-sendContactEmail] Retrying task index 0
[debug] [2025-03-15T19:59:11.006Z] Checked if tokens are valid: true, expires at: 1742071837354
[debug] [2025-03-15T19:59:11.007Z] Checked if tokens are valid: true, expires at: 1742071837354
[debug] [2025-03-15T19:59:11.007Z] >>> [apiv2][query] GET https://cloudfunctions.googleapis.com/v2/projects/send-email-from-websmith/locations/us-central1/operations/operation-1742068738485-63066fc54ed48-2241480b-39b4be8e [none]
[debug] [2025-03-15T19:59:11.819Z] <<< [apiv2][status] GET https://cloudfunctions.googleapis.com/v2/projects/send-email-from-websmith/locations/us-central1/operations/operation-1742068738485-63066fc54ed48-2241480b-39b4be8e 200
[debug] [2025-03-15T19:59:11.819Z] <<< [apiv2][body] GET https://cloudfunctions.googleapis.com/v2/projects/send-email-from-websmith/locations/us-central1/operations/operation-1742068738485-63066fc54ed48-2241480b-39b4be8e {"name":"projects/send-email-from-websmith/locations/us-central1/operations/operation-1742068738485-63066fc54ed48-2241480b-39b4be8e","metadata":{"@type":"type.googleapis.com/google.cloud.functions.v2.OperationMetadata","createTime":"2025-03-15T19:59:00.495699383Z","target":"projects/send-email-from-websmith/locations/us-central1/functions/sendContactEmail","verb":"create","cancelRequested":false,"apiVersion":"v2","requestResource":{"@type":"type.googleapis.com/google.cloud.functions.v2.Function","name":"projects/send-email-from-websmith/locations/us-central1/functions/sendContactEmail","buildConfig":{"runtime":"nodejs22","entryPoint":"sendContactEmail","source":{"storageSource":{"bucket":"gcf-v2-sources-284644472957-us-central1","object":"sendContactEmail/function-source.zip","generation":"1742068740196296"}},"environmentVariables":{"GOOGLE_NODE_RUN_SCRIPTS":""},"serviceAccount":"projects/send-email-from-websmith/serviceAccounts/284644472957-compute@developer.gserviceaccount.com","automaticUpdatePolicy":{}},"serviceConfig":{"service":"projects/send-email-from-websmith/locations/us-central1/services/sendcontactemail","timeoutSeconds":60,"environmentVariables":{"FIREBASE_CONFIG":"{\"projectId\":\"send-email-from-websmith\",\"storageBucket\":\"send-email-from-websmith.firebasestorage.app\"}","GCLOUD_PROJECT":"send-email-from-websmith","EVENTARC_CLOUD_EVENT_SOURCE":"projects/send-email-from-websmith/locations/us-central1/services/sendContactEmail","FUNCTION_TARGET":"sendContactEmail","LOG_EXECUTION_ID":"true"},"ingressSettings":"ALLOW_ALL","serviceAccountEmail":"284644472957-compute@developer.gserviceaccount.com","availableMemory":"256Mi","secretEnvironmentVariables":[{"key":"EMAIL_USER","projectId":"send-email-from-websmith","secret":"EMAIL_USER","version":"2"},{"key":"EMAIL_PASS","projectId":"send-email-from-websmith","secret":"EMAIL_PASS","version":"1"},{"key":"EMAIL_HOST","projectId":"send-email-from-websmith","secret":"EMAIL_HOST","version":"1"},{"key":"EMAIL_PORT","projectId":"send-email-from-websmith","secret":"EMAIL_PORT","version":"1"},{"key":"EMAIL_RECIPIENT","projectId":"send-email-from-websmith","secret":"EMAIL_RECIPIENT","version":"1"}],"maxInstanceRequestConcurrency":80,"availableCpu":"1"},"labels":{"deployment-tool":"cli-firebase","firebase-functions-hash":"529985804392db4ac67589a97527b53953ffc1c3"},"environment":"GEN_2"},"stages":[{"name":"BUILD","state":"NOT_STARTED"},{"name":"SERVICE","state":"NOT_STARTED"}],"operationType":"CREATE_FUNCTION"},"done":false}
[debug] [2025-03-15T19:59:19.829Z] [create-default-us-central1-sendContactEmail] Retrying task index 0
[debug] [2025-03-15T19:59:19.829Z] Checked if tokens are valid: true, expires at: 1742071837354
[debug] [2025-03-15T19:59:19.829Z] Checked if tokens are valid: true, expires at: 1742071837354
[debug] [2025-03-15T19:59:19.830Z] >>> [apiv2][query] GET https://cloudfunctions.googleapis.com/v2/projects/send-email-from-websmith/locations/us-central1/operations/operation-1742068738485-63066fc54ed48-2241480b-39b4be8e [none]
[debug] [2025-03-15T19:59:20.638Z] <<< [apiv2][status] GET https://cloudfunctions.googleapis.com/v2/projects/send-email-from-websmith/locations/us-central1/operations/operation-1742068738485-63066fc54ed48-2241480b-39b4be8e 200
[debug] [2025-03-15T19:59:20.638Z] <<< [apiv2][body] GET https://cloudfunctions.googleapis.com/v2/projects/send-email-from-websmith/locations/us-central1/operations/operation-1742068738485-63066fc54ed48-2241480b-39b4be8e {"name":"projects/send-email-from-websmith/locations/us-central1/operations/operation-1742068738485-63066fc54ed48-2241480b-39b4be8e","metadata":{"@type":"type.googleapis.com/google.cloud.functions.v2.OperationMetadata","createTime":"2025-03-15T19:59:00.495699383Z","endTime":"2025-03-15T19:59:13.451652271Z","target":"projects/send-email-from-websmith/locations/us-central1/functions/sendContactEmail","verb":"create","cancelRequested":false,"apiVersion":"v2","requestResource":{"@type":"type.googleapis.com/google.cloud.functions.v2.Function","name":"projects/send-email-from-websmith/locations/us-central1/functions/sendContactEmail","buildConfig":{"runtime":"nodejs22","entryPoint":"sendContactEmail","source":{"storageSource":{"bucket":"gcf-v2-sources-284644472957-us-central1","object":"sendContactEmail/function-source.zip","generation":"1742068740196296"}},"environmentVariables":{"GOOGLE_NODE_RUN_SCRIPTS":""},"serviceAccount":"projects/send-email-from-websmith/serviceAccounts/284644472957-compute@developer.gserviceaccount.com","automaticUpdatePolicy":{}},"serviceConfig":{"service":"projects/send-email-from-websmith/locations/us-central1/services/sendcontactemail","timeoutSeconds":60,"environmentVariables":{"FIREBASE_CONFIG":"{\"projectId\":\"send-email-from-websmith\",\"storageBucket\":\"send-email-from-websmith.firebasestorage.app\"}","GCLOUD_PROJECT":"send-email-from-websmith","EVENTARC_CLOUD_EVENT_SOURCE":"projects/send-email-from-websmith/locations/us-central1/services/sendContactEmail","FUNCTION_TARGET":"sendContactEmail","LOG_EXECUTION_ID":"true"},"ingressSettings":"ALLOW_ALL","serviceAccountEmail":"284644472957-compute@developer.gserviceaccount.com","availableMemory":"256Mi","secretEnvironmentVariables":[{"key":"EMAIL_USER","projectId":"send-email-from-websmith","secret":"EMAIL_USER","version":"2"},{"key":"EMAIL_PASS","projectId":"send-email-from-websmith","secret":"EMAIL_PASS","version":"1"},{"key":"EMAIL_HOST","projectId":"send-email-from-websmith","secret":"EMAIL_HOST","version":"1"},{"key":"EMAIL_PORT","projectId":"send-email-from-websmith","secret":"EMAIL_PORT","version":"1"},{"key":"EMAIL_RECIPIENT","projectId":"send-email-from-websmith","secret":"EMAIL_RECIPIENT","version":"1"}],"maxInstanceRequestConcurrency":80,"availableCpu":"1"},"labels":{"deployment-tool":"cli-firebase","firebase-functions-hash":"529985804392db4ac67589a97527b53953ffc1c3"},"environment":"GEN_2"},"stages":[{"name":"ARTIFACT_REGISTRY","message":"Deleting function artifacts in Artifact Registry","state":"COMPLETE"},{"name":"SERVICE","message":"Deleting Cloud Run service","state":"COMPLETE","resource":"projects/send-email-from-websmith/locations/us-central1/services/sendcontactemail"}],"operationType":"CREATE_FUNCTION"},"done":true,"error":{"code":13,"message":"Could not build the function. "}}
[debug] [2025-03-15T19:59:20.639Z] Got source token undefined for region us-central1
[error] Could not build the function. 
[debug] [2025-03-15T19:59:20.645Z] Total Function Deployment time: 22849
[debug] [2025-03-15T19:59:20.645Z] 1 Functions Deployed
[debug] [2025-03-15T19:59:20.645Z] 1 Functions Errored
[debug] [2025-03-15T19:59:20.645Z] 0 Function Deployments Aborted
[debug] [2025-03-15T19:59:20.645Z] Average Function Deployment time: 22848
[info] 
[info] Functions deploy had errors with the following functions:
	sendContactEmail(us-central1)
[debug] [2025-03-15T19:59:20.749Z] Not printing URL for HTTPS function. Typically this means it didn't match a filter or we failed deployment
[info] i  functions: cleaning up build files... 
[debug] [2025-03-15T19:59:20.750Z] Checked if tokens are valid: true, expires at: 1742071837354
[debug] [2025-03-15T19:59:20.750Z] Checked if tokens are valid: true, expires at: 1742071837354
[debug] [2025-03-15T19:59:20.750Z] Checked if tokens are valid: true, expires at: 1742071837354
[debug] [2025-03-15T19:59:20.750Z] Checked if tokens are valid: true, expires at: 1742071837354
[debug] [2025-03-15T19:59:20.750Z] >>> [apiv2][query] DELETE https://artifactregistry.googleapis.com/v1beta2/projects/send-email-from-websmith/locations/us-central1/repositories/gcf-artifacts/packages/send_contact_email [none]
[debug] [2025-03-15T19:59:20.751Z] >>> [apiv2][query] GET https://us.gcr.io/v2/send-email-from-websmith/gcf/us-central1/tags/list [none]
[debug] [2025-03-15T19:59:21.660Z] <<< [apiv2][status] DELETE https://artifactregistry.googleapis.com/v1beta2/projects/send-email-from-websmith/locations/us-central1/repositories/gcf-artifacts/packages/send_contact_email 404
[debug] [2025-03-15T19:59:21.660Z] <<< [apiv2][body] DELETE https://artifactregistry.googleapis.com/v1beta2/projects/send-email-from-websmith/locations/us-central1/repositories/gcf-artifacts/packages/send_contact_email {"error":{"code":404,"message":"Package \"projects/send-email-from-websmith/locations/us-central1/repositories/gcf-artifacts/packages/send_contact_email\" was not found.","status":"NOT_FOUND"}}
[debug] [2025-03-15T19:59:22.277Z] <<< [apiv2][status] GET https://us.gcr.io/v2/send-email-from-websmith/gcf/us-central1/tags/list 404
[debug] [2025-03-15T19:59:22.277Z] <<< [apiv2][body] GET https://us.gcr.io/v2/send-email-from-websmith/gcf/us-central1/tags/list {"errors":[{"code":"NAME_UNKNOWN","message":"Repository \"us.gcr.io\" not found"}]}
[debug] [2025-03-15T19:59:22.278Z] Failed docker command with error  Request to https://us.gcr.io/v2/send-email-from-websmith/gcf/us-central1/tags/list had HTTP Error: 404, Not Found {"name":"FirebaseError","children":[],"context":{"body":{"errors":[{"code":"NAME_UNKNOWN","message":"Repository \"us.gcr.io\" not found"}],"error":{"message":"Not Found"}},"response":{"statusCode":404}},"exit":1,"message":"Request to https://us.gcr.io/v2/send-email-from-websmith/gcf/us-central1/tags/list had HTTP Error: 404, Not Found","status":404}
[debug] [2025-03-15T19:59:22.280Z] Checked if tokens are valid: true, expires at: 1742071837354
[debug] [2025-03-15T19:59:22.280Z] Checked if tokens are valid: true, expires at: 1742071837354
[debug] [2025-03-15T19:59:22.280Z] >>> [apiv2][query] GET https://us.gcr.io/v2/send-email-from-websmith/gcf/us-central1/tags/list [none]
[debug] [2025-03-15T19:59:22.519Z] <<< [apiv2][status] GET https://us.gcr.io/v2/send-email-from-websmith/gcf/us-central1/tags/list 404
[debug] [2025-03-15T19:59:22.520Z] <<< [apiv2][body] GET https://us.gcr.io/v2/send-email-from-websmith/gcf/us-central1/tags/list {"errors":[{"code":"NAME_UNKNOWN","message":"Repository \"us.gcr.io\" not found"}]}
[debug] [2025-03-15T19:59:22.520Z] Failed docker command with error  Request to https://us.gcr.io/v2/send-email-from-websmith/gcf/us-central1/tags/list had HTTP Error: 404, Not Found {"name":"FirebaseError","children":[],"context":{"body":{"errors":[{"code":"NAME_UNKNOWN","message":"Repository \"us.gcr.io\" not found"}],"error":{"message":"Not Found"}},"response":{"statusCode":404}},"exit":1,"message":"Request to https://us.gcr.io/v2/send-email-from-websmith/gcf/us-central1/tags/list had HTTP Error: 404, Not Found","status":404}
[debug] [2025-03-15T19:59:22.622Z] Checked if tokens are valid: true, expires at: 1742071837354
[debug] [2025-03-15T19:59:22.622Z] Checked if tokens are valid: true, expires at: 1742071837354
[debug] [2025-03-15T19:59:22.623Z] >>> [apiv2][query] GET https://us.gcr.io/v2/send-email-from-websmith/gcf/us-central1/tags/list [none]
[debug] [2025-03-15T19:59:22.853Z] <<< [apiv2][status] GET https://us.gcr.io/v2/send-email-from-websmith/gcf/us-central1/tags/list 404
[debug] [2025-03-15T19:59:22.854Z] <<< [apiv2][body] GET https://us.gcr.io/v2/send-email-from-websmith/gcf/us-central1/tags/list {"errors":[{"code":"NAME_UNKNOWN","message":"Repository \"us.gcr.io\" not found"}]}
[debug] [2025-03-15T19:59:22.854Z] Failed docker command with error  Request to https://us.gcr.io/v2/send-email-from-websmith/gcf/us-central1/tags/list had HTTP Error: 404, Not Found {"name":"FirebaseError","children":[],"context":{"body":{"errors":[{"code":"NAME_UNKNOWN","message":"Repository \"us.gcr.io\" not found"}],"error":{"message":"Not Found"}},"response":{"statusCode":404}},"exit":1,"message":"Request to https://us.gcr.io/v2/send-email-from-websmith/gcf/us-central1/tags/list had HTTP Error: 404, Not Found","status":404}
[warn] ⚠  functions: Unhandled error cleaning up build images. This could result in a small monthly bill if not corrected. You can attempt to delete these images by redeploying or you can delete them manually at https://console.cloud.google.com/gcr/images/send-email-from-websmith/us/gcf 
[debug] [2025-03-15T19:59:22.855Z] Functions deploy failed.
[debug] [2025-03-15T19:59:22.855Z] {
  "endpoint": {
    "id": "sendContactEmail",
    "project": "send-email-from-websmith",
    "region": "us-central1",
    "entryPoint": "sendContactEmail",
    "platform": "gcfv2",
    "runtime": "nodejs22",
    "httpsTrigger": {},
    "labels": {
      "deployment-tool": "cli-firebase"
    },
    "secretEnvironmentVariables": [
      {
        "key": "EMAIL_USER",
        "secret": "EMAIL_USER",
        "projectId": "send-email-from-websmith",
        "version": "2"
      },
      {
        "key": "EMAIL_PASS",
        "secret": "EMAIL_PASS",
        "projectId": "send-email-from-websmith",
        "version": "1"
      },
      {
        "key": "EMAIL_HOST",
        "secret": "EMAIL_HOST",
        "projectId": "send-email-from-websmith",
        "version": "1"
      },
      {
        "key": "EMAIL_PORT",
        "secret": "EMAIL_PORT",
        "projectId": "send-email-from-websmith",
        "version": "1"
      },
      {
        "key": "EMAIL_RECIPIENT",
        "secret": "EMAIL_RECIPIENT",
        "projectId": "send-email-from-websmith",
        "version": "1"
      }
    ],
    "ingressSettings": null,
    "availableMemoryMb": null,
    "serviceAccount": null,
    "timeoutSeconds": null,
    "maxInstances": null,
    "minInstances": null,
    "concurrency": 80,
    "vpc": null,
    "environmentVariables": {
      "FIREBASE_CONFIG": "{\"projectId\":\"send-email-from-websmith\",\"storageBucket\":\"send-email-from-websmith.firebasestorage.app\"}",
      "GCLOUD_PROJECT": "send-email-from-websmith",
      "EVENTARC_CLOUD_EVENT_SOURCE": "projects/send-email-from-websmith/locations/us-central1/services/sendContactEmail"
    },
    "codebase": "default",
    "cpu": 1,
    "targetedByOnly": false,
    "hash": "529985804392db4ac67589a97527b53953ffc1c3"
  },
  "op": "create",
  "original": {
    "name": "FirebaseError",
    "children": [],
    "exit": 1,
    "message": "Could not build the function. ",
    "original": {
      "code": 13,
      "message": "Could not build the function. "
    },
    "status": 13,
    "code": 13
  }
}
[debug] [2025-03-15T19:59:22.897Z] Error: Failed to create function sendContactEmail in region us-central1
    at /opt/homebrew/lib/node_modules/firebase-tools/lib/deploy/functions/release/fabricator.js:294:27
    at process.processTicksAndRejections (node:internal/process/task_queues:105:5)
    at async Fabricator.createV2Function (/opt/homebrew/lib/node_modules/firebase-tools/lib/deploy/functions/release/fabricator.js:278:30)
    at async Fabricator.createEndpoint (/opt/homebrew/lib/node_modules/firebase-tools/lib/deploy/functions/release/fabricator.js:137:13)
    at async handle (/opt/homebrew/lib/node_modules/firebase-tools/lib/deploy/functions/release/fabricator.js:89:17)
[error] 
[error] Error: There was an error deploying functions
